[2025-04-28T06:27:25.600Z] [START] [START] 开始处理PDF文件: data/pdfs/1745821419752-03、2025民法客观题思维导图_共45页.pdf
[2025-04-28T06:27:25.601Z] [INFO] 开始提取PDF: data/pdfs/1745821419752-03、2025民法客观题思维导图_共45页.pdf
[2025-04-28T06:27:26.455Z] [INFO] PDF解析完成，共 44 页
[2025-04-28T06:27:26.461Z] [INFO] 提取了 3902 行文本
[2025-04-28T06:27:26.462Z] [INFO] 已提取文本内容，保存至: data/pdfs/1745821419752-03、2025民法客观题思维导图_共45页.txt
[2025-04-28T06:27:26.463Z] [INFO] 开始解析知识树结构...
[2025-04-28T06:27:26.464Z] [INFO] 处理 3901 行文本内容
[2025-04-28T06:27:26.466Z] [STATS] [STATS] 识别结果: 一级标题=0, 二级标题=0, 三级标题=0, 四级标题=0, 条文=0, 内容=0, 未匹配=2061
[2025-04-28T06:27:26.467Z] [INFO] 已保存知识树结构至: data/pdfs/1745821419752-03、2025民法客观题思维导图_共45页-tree.json
[2025-04-28T06:27:26.467Z] [COMPLETE] [COMPLETE] PDF处理完成: data/pdfs/1745821419752-03、2025民法客观题思维导图_共45页.pdf
[2025-04-28T06:29:30.815Z] [START] [START] 开始处理PDF文件: data/pdfs/1745821419752-03、2025民法客观题思维导图_共45页.pdf
[2025-04-28T06:29:30.815Z] [INFO] 开始提取PDF: data/pdfs/1745821419752-03、2025民法客观题思维导图_共45页.pdf
[2025-04-28T06:29:31.657Z] [INFO] PDF解析完成，共 44 页
[2025-04-28T06:29:31.664Z] [INFO] 提取了 3902 行文本
[2025-04-28T06:29:31.665Z] [INFO] 已提取文本内容，保存至: data/pdfs/1745821419752-03、2025民法客观题思维导图_共45页.txt
[2025-04-28T06:29:31.666Z] [INFO] 开始解析知识树结构...
[2025-04-28T06:29:31.667Z] [INFO] 处理 3901 行文本内容
[2025-04-28T06:29:31.667Z] [INFO] 识别思维导图标题: 2025 民法思维导图
[2025-04-28T06:29:31.667Z] [INFO] 识别分类: 物权
[2025-04-28T06:29:31.668Z] [INFO] 识别分类: 人身权
[2025-04-28T06:29:31.668Z] [INFO] 识别分类: 支配权
[2025-04-28T06:29:31.668Z] [INFO] 识别分类: 知识产权
[2025-04-28T06:29:31.669Z] [INFO] 识别分类: 民
[2025-04-28T06:29:31.669Z] [INFO] 识别分类: 概念
[2025-04-28T06:29:31.669Z] [INFO] 识别分类: 事
[2025-04-28T06:29:31.669Z] [INFO] 识别分类: 权
[2025-04-28T06:29:31.670Z] [INFO] 识别分类: 利
[2025-04-28T06:29:31.670Z] [INFO] 识别分类: 撤、抵、追、解、
[2025-04-28T06:29:31.670Z] [INFO] 识别分类: 成
[2025-04-28T06:29:31.670Z] [INFO] 识别分类: 的
[2025-04-28T06:29:31.671Z] [INFO] 识别分类: 并非说撤销权就是形成诉权
[2025-04-28T06:29:31.671Z] [INFO] 识别分类: 权
[2025-04-28T06:29:31.671Z] [INFO] 识别分类: 否、选、继、遗
[2025-04-28T06:29:31.671Z] [INFO] 识别分类: 学
[2025-04-28T06:29:31.671Z] [INFO] 识别分类: 理
[2025-04-28T06:29:31.671Z] [INFO] 识别分类: 分
[2025-04-28T06:29:31.672Z] [INFO] 识别分类: 民
[2025-04-28T06:29:31.672Z] [INFO] 识别分类: 类
[2025-04-28T06:29:31.672Z] [INFO] 识别分类: 事
[2025-04-28T06:29:31.672Z] [INFO] 识别分类: 权
[2025-04-28T06:29:31.672Z] [INFO] 识别分类: 利
[2025-04-28T06:29:31.672Z] [INFO] 识别分类: 物权请求权
[2025-04-28T06:29:31.673Z] [INFO] 识别分类: 物上请求权
[2025-04-28T06:29:31.673Z] [INFO] 识别分类: 占有保护请求权
[2025-04-28T06:29:31.673Z] [INFO] 识别分类: 债权请求权
[2025-04-28T06:29:31.673Z] [INFO] 识别分类: 同时履行抗辩权
[2025-04-28T06:29:31.673Z] [INFO] 识别分类: 合同履行
[2025-04-28T06:29:31.673Z] [INFO] 识别分类: 抗辩权
[2025-04-28T06:29:31.673Z] [INFO] 识别分类: 先履行抗辩权
[2025-04-28T06:29:31.674Z] [INFO] 识别分类: 一时性
[2025-04-28T06:29:31.674Z] [INFO] 识别分类: 抗
[2025-04-28T06:29:31.674Z] [INFO] 识别分类: 一般保证人的先诉抗辩权
[2025-04-28T06:29:31.674Z] [INFO] 识别分类: 权
[2025-04-28T06:29:31.674Z] [INFO] 识别分类: 是以承认对方有请求权为前提
[2025-04-28T06:29:31.674Z] [INFO] 识别分类: 诉讼时效抗辩权
[2025-04-28T06:29:31.674Z] [INFO] 识别分类: 永久性抗辩权
[2025-04-28T06:29:31.675Z] [INFO] 识别分类: 对付对方请求权的权利
[2025-04-28T06:29:31.675Z] [INFO] 识别分类: 民
[2025-04-28T06:29:31.675Z] [INFO] 识别分类: 法
[2025-04-28T06:29:31.675Z] [INFO] 识别分类: 总
[2025-04-28T06:29:31.675Z] [INFO] 识别分类: 则
[2025-04-28T06:29:31.676Z] [INFO] 识别分类: 胎儿利益
[2025-04-28T06:29:31.676Z] [INFO] 识别分类: 接受赠与
[2025-04-28T06:29:31.676Z] [INFO] 识别分类: 保护
[2025-04-28T06:29:31.676Z] [INFO] 识别分类: 民
[2025-04-28T06:29:31.676Z] [INFO] 识别分类: 事
[2025-04-28T06:29:31.676Z] [INFO] 识别分类: 死者没有人格权，只有人格利益
[2025-04-28T06:29:31.676Z] [INFO] 识别分类: 权
[2025-04-28T06:29:31.677Z] [INFO] 识别分类: 利
[2025-04-28T06:29:31.677Z] [INFO] 识别分类: 能
[2025-04-28T06:29:31.677Z] [INFO] 识别分类: 力
[2025-04-28T06:29:31.677Z] [INFO] 识别分类: 死
[2025-04-28T06:29:31.677Z] [INFO] 识别分类: 者
[2025-04-28T06:29:31.677Z] [INFO] 识别分类: 人
[2025-04-28T06:29:31.678Z] [INFO] 识别分类: 利益保护
[2025-04-28T06:29:31.678Z] [INFO] 识别分类: 格
[2025-04-28T06:29:31.678Z] [INFO] 识别分类: 利
[2025-04-28T06:29:31.678Z] [INFO] 识别分类: 益
[2025-04-28T06:29:31.678Z] [INFO] 识别分类: 保
[2025-04-28T06:29:31.678Z] [INFO] 识别分类: 护
[2025-04-28T06:29:31.678Z] [INFO] 识别分类: 民
[2025-04-28T06:29:31.678Z] [INFO] 识别分类: 事
[2025-04-28T06:29:31.679Z] [INFO] 识别分类: 英雄烈士
[2025-04-28T06:29:31.679Z] [INFO] 识别分类: 私益诉讼
[2025-04-28T06:29:31.679Z] [INFO] 识别分类: 主
[2025-04-28T06:29:31.679Z] [INFO] 识别分类: 人格利益
[2025-04-28T06:29:31.679Z] [INFO] 识别分类: 体
[2025-04-28T06:29:31.679Z] [INFO] 识别分类: 保护
[2025-04-28T06:29:31.679Z] [INFO] 识别分类: 公益诉讼
[2025-04-28T06:29:31.680Z] [INFO] 识别分类: 自
[2025-04-28T06:29:31.680Z] [INFO] 识别分类: 赔偿金
[2025-04-28T06:29:31.680Z] [INFO] 识别分类: 归国家
[2025-04-28T06:29:31.680Z] [INFO] 识别分类: 然
[2025-04-28T06:29:31.680Z] [INFO] 识别分类: 人
[2025-04-28T06:29:31.680Z] [INFO] 识别分类: 民
[2025-04-28T06:29:31.681Z] [INFO] 识别分类: 分
[2025-04-28T06:29:31.681Z] [INFO] 识别分类: 事
[2025-04-28T06:29:31.681Z] [INFO] 识别分类: 类
[2025-04-28T06:29:31.681Z] [INFO] 识别分类: 为
[2025-04-28T06:29:31.681Z] [INFO] 识别分类: 能
[2025-04-28T06:29:31.681Z] [INFO] 识别分类: 力
[2025-04-28T06:29:31.681Z] [INFO] 识别分类: 无民事行为能力人
[2025-04-28T06:29:31.682Z] [INFO] 识别分类: 民事法律行为
[2025-04-28T06:29:31.682Z] [INFO] 识别分类: 的效力
[2025-04-28T06:29:31.682Z] [INFO] 识别分类: 限制民事行为
[2025-04-28T06:29:31.682Z] [INFO] 识别分类: 能力人
[2025-04-28T06:29:31.682Z] [INFO] 识别分类: 纯获利益的民事法律行为有效
[2025-04-28T06:29:31.682Z] [INFO] 识别分类: 订立遗嘱的行为无效
[2025-04-28T06:29:31.682Z] [INFO] 识别分类: 未
[2025-04-28T06:29:31.682Z] [INFO] 识别分类: 成
[2025-04-28T06:29:31.683Z] [INFO] 识别分类: 年
[2025-04-28T06:29:31.683Z] [INFO] 识别分类: 监
[2025-04-28T06:29:31.683Z] [INFO] 识别分类: 护
[2025-04-28T06:29:31.683Z] [INFO] 识别分类: 的
[2025-04-28T06:29:31.683Z] [INFO] 识别分类: 可协议监护
[2025-04-28T06:29:31.683Z] [INFO] 识别分类: 设
[2025-04-28T06:29:31.683Z] [INFO] 识别分类: 定
[2025-04-28T06:29:31.683Z] [INFO] 识别分类: 双方共同指定监护
[2025-04-28T06:29:31.684Z] [INFO] 识别分类: 处理
[2025-04-28T06:29:31.684Z] [INFO] 识别分类: 一方单独指定监护
[2025-04-28T06:29:31.684Z] [INFO] 识别分类: 监
[2025-04-28T06:29:31.684Z] [INFO] 识别分类: 护
[2025-04-28T06:29:31.684Z] [INFO] 识别分类: 人
[2025-04-28T06:29:31.684Z] [INFO] 识别分类: 协议主体
[2025-04-28T06:29:31.684Z] [INFO] 识别分类: 的
[2025-04-28T06:29:31.685Z] [INFO] 识别分类: 设
[2025-04-28T06:29:31.685Z] [INFO] 识别分类: 定
[2025-04-28T06:29:31.685Z] [INFO] 识别分类: 民
[2025-04-28T06:29:31.685Z] [INFO] 识别分类: 法
[2025-04-28T06:29:31.685Z] [INFO] 识别分类: 择一选
[2025-04-28T06:29:31.685Z] [INFO] 识别分类: 总
[2025-04-28T06:29:31.685Z] [INFO] 识别分类: 则
[2025-04-28T06:29:31.686Z] [INFO] 识别分类: 篇
[2025-04-28T06:29:31.686Z] [INFO] 识别分类: 指定监护
[2025-04-28T06:29:31.686Z] [INFO] 识别分类: 丨
[2025-04-28T06:29:31.687Z] [INFO] 识别分类: 自
[2025-04-28T06:29:31.687Z] [INFO] 识别分类: 然
[2025-04-28T06:29:31.687Z] [INFO] 识别分类: 书面形式
[2025-04-28T06:29:31.687Z] [INFO] 识别分类: 双方具有完全民事行为能力
[2025-04-28T06:29:31.688Z] [INFO] 识别分类: 监
[2025-04-28T06:29:31.688Z] [INFO] 识别分类: 护
[2025-04-28T06:29:31.688Z] [INFO] 识别分类: 制
[2025-04-28T06:29:31.688Z] [INFO] 识别分类: 被委托人可以不是监护人
[2025-04-28T06:29:31.688Z] [INFO] 识别分类: 监护资格
[2025-04-28T06:29:31.688Z] [INFO] 识别分类: 适用情形
[2025-04-28T06:29:31.688Z] [INFO] 识别分类: 其他严重损害被监护人行为
[2025-04-28T06:29:31.689Z] [INFO] 识别分类: 的撤销
[2025-04-28T06:29:31.689Z] [INFO] 识别分类: 其他监护资格的人
[2025-04-28T06:29:31.689Z] [INFO] 识别分类: 组织
[2025-04-28T06:29:31.689Z] [INFO] 识别分类: 申请主体
[2025-04-28T06:29:31.689Z] [INFO] 识别分类: 监护人资格的
[2025-04-28T06:29:31.689Z] [INFO] 识别分类: 撤销和恢复
[2025-04-28T06:29:31.690Z] [INFO] 识别分类: 适用情形
[2025-04-28T06:29:31.690Z] [INFO] 识别分类: 宣
[2025-04-28T06:29:31.690Z] [INFO] 识别分类: 告
[2025-04-28T06:29:31.690Z] [INFO] 识别分类: 失
[2025-04-28T06:29:31.690Z] [INFO] 识别分类: 宣告主体
[2025-04-28T06:29:31.691Z] [INFO] 识别分类: 债权人、债务人、合伙
[2025-04-28T06:29:31.691Z] [INFO] 识别分类: 踪
[2025-04-28T06:29:31.691Z] [INFO] 识别分类: 效力
[2025-04-28T06:29:31.692Z] [INFO] 识别分类: 民
[2025-04-28T06:29:31.692Z] [INFO] 识别分类: 事
[2025-04-28T06:29:31.692Z] [INFO] 识别分类: 体
[2025-04-28T06:29:31.692Z] [INFO] 识别分类: 丨
[2025-04-28T06:29:31.692Z] [INFO] 识别分类: 自
[2025-04-28T06:29:31.692Z] [INFO] 识别分类: 然
[2025-04-28T06:29:31.692Z] [INFO] 识别分类: 人
[2025-04-28T06:29:31.693Z] [INFO] 识别分类: 宣
[2025-04-28T06:29:31.693Z] [INFO] 识别分类: 告
[2025-04-28T06:29:31.693Z] [INFO] 识别分类: 主
[2025-04-28T06:29:31.693Z] [INFO] 识别分类: 宣告
[2025-04-28T06:29:31.693Z] [INFO] 识别分类: 体
[2025-04-28T06:29:31.693Z] [INFO] 识别分类: 二
[2025-04-28T06:29:31.693Z] [INFO] 识别分类: 宣
[2025-04-28T06:29:31.694Z] [INFO] 识别分类: 选
[2025-04-28T06:29:31.694Z] [INFO] 识别分类: 亲属宣告死亡条件
[2025-04-28T06:29:31.694Z] [INFO] 识别分类: 一
[2025-04-28T06:29:31.694Z] [INFO] 识别分类: 原则上不行
[2025-04-28T06:29:31.694Z] [INFO] 识别分类: 亡
[2025-04-28T06:29:31.694Z] [INFO] 识别分类: 影响配偶权、亲子权、继承权
[2025-04-28T06:29:31.694Z] [INFO] 识别分类: 妻离、子散、家破、人亡
[2025-04-28T06:29:31.695Z] [INFO] 识别分类: 民
[2025-04-28T06:29:31.695Z] [INFO] 识别分类: 夫妻一方未再婚
[2025-04-28T06:29:31.695Z] [INFO] 识别分类: 法
[2025-04-28T06:29:31.695Z] [INFO] 识别分类: 婚姻关系自动恢复的条件
[2025-04-28T06:29:31.695Z] [INFO] 识别分类: 总
[2025-04-28T06:29:31.695Z] [INFO] 识别分类: 则
[2025-04-28T06:29:31.696Z] [INFO] 识别分类: 宣告死亡和宣告失踪关系
[2025-04-28T06:29:31.696Z] [INFO] 识别分类: 特别法人
[2025-04-28T06:29:31.696Z] [INFO] 识别分类: 法人的法定分类
[2025-04-28T06:29:31.696Z] [INFO] 识别分类: 营
[2025-04-28T06:29:31.696Z] [INFO] 识别分类: 业
[2025-04-28T06:29:31.696Z] [INFO] 识别分类: 法
[2025-04-28T06:29:31.697Z] [INFO] 识别分类: 宗教活动场所
[2025-04-28T06:29:31.697Z] [INFO] 识别分类: 人
[2025-04-28T06:29:31.697Z] [INFO] 识别分类: 法
[2025-04-28T06:29:31.697Z] [INFO] 识别分类: 捐
[2025-04-28T06:29:31.697Z] [INFO] 识别分类: 社会服务机构
[2025-04-28T06:29:31.697Z] [INFO] 识别分类: 人
[2025-04-28T06:29:31.698Z] [INFO] 识别分类: 助
[2025-04-28T06:29:31.698Z] [INFO] 识别分类: 的
[2025-04-28T06:29:31.698Z] [INFO] 识别分类: 法
[2025-04-28T06:29:31.698Z] [INFO] 识别分类: 登记后取得法人资格
[2025-04-28T06:29:31.698Z] [INFO] 识别分类: 分
[2025-04-28T06:29:31.699Z] [INFO] 识别分类: 人
[2025-04-28T06:29:31.699Z] [INFO] 识别分类: 类
[2025-04-28T06:29:31.699Z] [INFO] 识别分类: 基金会捐助人权利
[2025-04-28T06:29:31.699Z] [INFO] 识别分类: 公法人
[2025-04-28T06:29:31.699Z] [INFO] 识别分类: 民
[2025-04-28T06:29:31.700Z] [INFO] 识别分类: 营利社团法人
[2025-04-28T06:29:31.700Z] [INFO] 识别分类: 法人的学理
[2025-04-28T06:29:31.700Z] [INFO] 识别分类: 分类
[2025-04-28T06:29:31.700Z] [INFO] 识别分类: 非营利社团法人
[2025-04-28T06:29:31.700Z] [INFO] 识别分类: 法
[2025-04-28T06:29:31.700Z] [INFO] 识别分类: 人
[2025-04-28T06:29:31.701Z] [INFO] 识别分类: 法
[2025-04-28T06:29:31.701Z] [INFO] 识别分类: 他
[2025-04-28T06:29:31.701Z] [INFO] 识别分类: 人
[2025-04-28T06:29:31.701Z] [INFO] 识别分类: 法
[2025-04-28T06:29:31.701Z] [INFO] 识别分类: 知情权
[2025-04-28T06:29:31.701Z] [INFO] 识别分类: 人
[2025-04-28T06:29:31.702Z] [INFO] 识别分类: 基金会捐助人权利
[2025-04-28T06:29:31.702Z] [INFO] 识别分类: 撤销权
[2025-04-28T06:29:31.702Z] [INFO] 识别分类: 法律意思表示
[2025-04-28T06:29:31.702Z] [INFO] 识别分类: 基
[2025-04-28T06:29:31.702Z] [INFO] 识别分类: 以发生债权债务变动为其效力
[2025-04-28T06:29:31.702Z] [INFO] 识别分类: 负担行为和处分行为
[2025-04-28T06:29:31.703Z] [INFO] 识别分类: 原
[2025-04-28T06:29:31.703Z] [INFO] 识别分类: 分类
[2025-04-28T06:29:31.703Z] [INFO] 识别分类: 理
[2025-04-28T06:29:31.703Z] [INFO] 识别分类: 诺成性民事法律行为和
[2025-04-28T06:29:31.703Z] [INFO] 识别分类: 实践性民事法律行为
[2025-04-28T06:29:31.703Z] [INFO] 识别分类: 成立
[2025-04-28T06:29:31.704Z] [INFO] 识别分类: 民事法律行为成立和生效
[2025-04-28T06:29:31.704Z] [INFO] 识别分类: 法
[2025-04-28T06:29:31.704Z] [INFO] 识别分类: 律
[2025-04-28T06:29:31.704Z] [INFO] 识别分类: 行
[2025-04-28T06:29:31.704Z] [INFO] 识别分类: 为
[2025-04-28T06:29:31.705Z] [INFO] 识别分类: 谋取私利
[2025-04-28T06:29:31.705Z] [INFO] 识别分类: 损害他人合法权益
[2025-04-28T06:29:31.705Z] [INFO] 识别分类: 民
[2025-04-28T06:29:31.705Z] [INFO] 识别分类: 事
[2025-04-28T06:29:31.705Z] [INFO] 识别分类: 法
[2025-04-28T06:29:31.706Z] [INFO] 识别分类: 效力待定民事法律行为
[2025-04-28T06:29:31.706Z] [INFO] 识别分类: 行
[2025-04-28T06:29:31.706Z] [INFO] 识别分类: 无权代理
[2025-04-28T06:29:31.706Z] [INFO] 识别分类: 为
[2025-04-28T06:29:31.706Z] [INFO] 识别分类: 的
[2025-04-28T06:29:31.706Z] [INFO] 识别分类: 对行为性质的认识错误
[2025-04-28T06:29:31.706Z] [INFO] 识别分类: 效
[2025-04-28T06:29:31.707Z] [INFO] 识别分类: 力
[2025-04-28T06:29:31.707Z] [INFO] 识别分类: 对标的物认识错误
[2025-04-28T06:29:31.707Z] [INFO] 识别分类: 自身原因产生错误认识
[2025-04-28T06:29:31.707Z] [INFO] 识别分类: 核心
[2025-04-28T06:29:31.707Z] [INFO] 识别分类: 撤
[2025-04-28T06:29:31.707Z] [INFO] 识别分类: 销
[2025-04-28T06:29:31.708Z] [INFO] 识别分类: 的
[2025-04-28T06:29:31.708Z] [INFO] 识别分类: 民
[2025-04-28T06:29:31.708Z] [INFO] 识别分类: 撤销权的主观除斥期间和起算点
[2025-04-28T06:29:31.708Z] [INFO] 识别分类: 法
[2025-04-28T06:29:31.708Z] [INFO] 识别分类: 事
[2025-04-28T06:29:31.708Z] [INFO] 识别分类: 总
[2025-04-28T06:29:31.708Z] [INFO] 识别分类: 法
[2025-04-28T06:29:31.708Z] [INFO] 识别分类: 则
[2025-04-28T06:29:31.708Z] [INFO] 识别分类: 律
[2025-04-28T06:29:31.708Z] [INFO] 识别分类: 篇
[2025-04-28T06:29:31.709Z] [INFO] 识别分类: 行
[2025-04-28T06:29:31.709Z] [INFO] 识别分类: 为
[2025-04-28T06:29:31.709Z] [INFO] 识别分类: 道第三人欺诈，则可撤销
[2025-04-28T06:29:31.709Z] [INFO] 识别分类: 撤销权的主观除斥期间和起算点
[2025-04-28T06:29:31.709Z] [INFO] 识别分类: 撤销权的主观除斥期间和起算点
[2025-04-28T06:29:31.709Z] [INFO] 识别分类: 主观要件
[2025-04-28T06:29:31.709Z] [INFO] 识别分类: 构成
[2025-04-28T06:29:31.710Z] [INFO] 识别分类: 利用对方缺乏判断能力
[2025-04-28T06:29:31.710Z] [INFO] 识别分类: 要件
[2025-04-28T06:29:31.710Z] [INFO] 识别分类: 双方当事人利益显著失衡
[2025-04-28T06:29:31.710Z] [INFO] 识别分类: 客观要件
[2025-04-28T06:29:31.710Z] [INFO] 识别分类: 民事法律行为成立时显示公平
[2025-04-28T06:29:31.710Z] [INFO] 识别分类: 可
[2025-04-28T06:29:31.711Z] [INFO] 识别分类: 撤
[2025-04-28T06:29:31.711Z] [INFO] 识别分类: 销
[2025-04-28T06:29:31.711Z] [INFO] 识别分类: 的
[2025-04-28T06:29:31.711Z] [INFO] 识别分类: 民
[2025-04-28T06:29:31.711Z] [INFO] 识别分类: 除斥期间
[2025-04-28T06:29:31.711Z] [INFO] 识别分类: 事
[2025-04-28T06:29:31.711Z] [INFO] 识别分类: 撤销权的主观除斥期间和起算点
[2025-04-28T06:29:31.712Z] [INFO] 识别分类: 知道或应当知道撤销
[2025-04-28T06:29:31.712Z] [INFO] 识别分类: 法
[2025-04-28T06:29:31.712Z] [INFO] 识别分类: 律
[2025-04-28T06:29:31.712Z] [INFO] 识别分类: 行
[2025-04-28T06:29:31.712Z] [INFO] 识别分类: 债权人撤销权只能通过诉讼方式
[2025-04-28T06:29:31.712Z] [INFO] 识别分类: 为
[2025-04-28T06:29:31.713Z] [INFO] 识别分类: 民
[2025-04-28T06:29:31.713Z] [INFO] 识别分类: 可撤销民事法律行为的法律后果
[2025-04-28T06:29:31.713Z] [INFO] 识别分类: 事
[2025-04-28T06:29:31.713Z] [INFO] 识别分类: 法
[2025-04-28T06:29:31.713Z] [INFO] 识别分类: 可撤销民事法律行为和
[2025-04-28T06:29:31.713Z] [INFO] 识别分类: 追认，合同有效，对方可撤销
[2025-04-28T06:29:31.713Z] [INFO] 识别分类: ★
[2025-04-28T06:29:31.713Z] [INFO] 识别分类: 为轴心分析问题
[2025-04-28T06:29:31.714Z] [INFO] 识别分类: 不追人，合同无效，都不可撤销
[2025-04-28T06:29:31.714Z] [INFO] 识别分类: 事
[2025-04-28T06:29:31.714Z] [INFO] 识别分类: 法
[2025-04-28T06:29:31.714Z] [INFO] 识别分类: 则
[2025-04-28T06:29:31.714Z] [INFO] 识别分类: 律
[2025-04-28T06:29:31.714Z] [INFO] 识别分类: 行
[2025-04-28T06:29:31.714Z] [INFO] 识别分类: 特
[2025-04-28T06:29:31.714Z] [INFO] 识别分类: 殊
[2025-04-28T06:29:31.715Z] [INFO] 识别分类: 法律行为
[2025-04-28T06:29:31.715Z] [INFO] 识别分类: 效力
[2025-04-28T06:29:31.715Z] [INFO] 识别分类: 民
[2025-04-28T06:29:31.715Z] [INFO] 识别分类: 事
[2025-04-28T06:29:31.715Z] [INFO] 识别分类: 力
[2025-04-28T06:29:31.715Z] [INFO] 识别分类: 法
[2025-04-28T06:29:31.715Z] [INFO] 识别分类: 律
[2025-04-28T06:29:31.716Z] [INFO] 识别分类: 法律行为
[2025-04-28T06:29:31.716Z] [INFO] 识别分类: 行
[2025-04-28T06:29:31.716Z] [INFO] 识别分类: 考
[2025-04-28T06:29:31.716Z] [INFO] 识别分类: 为
[2025-04-28T06:29:31.716Z] [INFO] 识别分类: ★
[2025-04-28T06:29:31.716Z] [INFO] 识别分类: 点
[2025-04-28T06:29:31.716Z] [INFO] 识别分类: 民
[2025-04-28T06:29:31.717Z] [INFO] 识别分类: 附解除条件民事
[2025-04-28T06:29:31.717Z] [INFO] 识别分类: 法
[2025-04-28T06:29:31.717Z] [INFO] 识别分类: 法律行为
[2025-04-28T06:29:31.717Z] [INFO] 识别分类: 总
[2025-04-28T06:29:31.717Z] [INFO] 识别分类: 则
[2025-04-28T06:29:31.717Z] [INFO] 识别分类: 篇
[2025-04-28T06:29:31.717Z] [INFO] 识别分类: 代理的基本
[2025-04-28T06:29:31.718Z] [INFO] 识别分类: 原理
[2025-04-28T06:29:31.718Z] [INFO] 识别分类: 以自己名义为间接代理
[2025-04-28T06:29:31.718Z] [INFO] 识别分类: 代理类型
[2025-04-28T06:29:31.718Z] [INFO] 识别分类: 以被代理人名义为直接代理
[2025-04-28T06:29:31.718Z] [INFO] 识别分类: 代理制度
[2025-04-28T06:29:31.718Z] [INFO] 识别分类: 任
[2025-04-28T06:29:31.718Z] [INFO] 识别分类: 事前本人授权或者同意
[2025-04-28T06:29:31.719Z] [INFO] 识别分类: 被代理人是法人或者非法人组织
[2025-04-28T06:29:31.719Z] [INFO] 识别分类: 代理事项须是职权范围内的事项
[2025-04-28T06:29:31.719Z] [INFO] 识别分类: 表
[2025-04-28T06:29:31.719Z] [INFO] 识别分类: 见
[2025-04-28T06:29:31.719Z] [INFO] 识别分类: 介绍信
[2025-04-28T06:29:31.719Z] [INFO] 识别分类: 代
[2025-04-28T06:29:31.719Z] [INFO] 识别分类: 代
[2025-04-28T06:29:31.720Z] [INFO] 识别分类: 相对人有理由相信
[2025-04-28T06:29:31.720Z] [INFO] 识别分类: 理
[2025-04-28T06:29:31.720Z] [INFO] 识别分类: 的举证责任
[2025-04-28T06:29:31.720Z] [INFO] 识别分类: 制
[2025-04-28T06:29:31.720Z] [INFO] 识别分类: 无
[2025-04-28T06:29:31.720Z] [INFO] 识别分类: 权
[2025-04-28T06:29:31.721Z] [INFO] 识别分类: 代
[2025-04-28T06:29:31.721Z] [INFO] 识别分类: 理
[2025-04-28T06:29:31.721Z] [INFO] 识别分类: 表
[2025-04-28T06:29:31.721Z] [INFO] 识别分类: 无权代理
[2025-04-28T06:29:31.721Z] [INFO] 识别分类: 见
[2025-04-28T06:29:31.721Z] [INFO] 识别分类: 代
[2025-04-28T06:29:31.721Z] [INFO] 识别分类: 理
[2025-04-28T06:29:31.722Z] [INFO] 识别分类: 几
[2025-04-28T06:29:31.722Z] [INFO] 识别分类: 种
[2025-04-28T06:29:31.722Z] [INFO] 识别分类: 情
[2025-04-28T06:29:31.722Z] [INFO] 识别分类: 民
[2025-04-28T06:29:31.722Z] [INFO] 识别分类: 形
[2025-04-28T06:29:31.722Z] [INFO] 识别分类: 法
[2025-04-28T06:29:31.722Z] [INFO] 识别分类: 的
[2025-04-28T06:29:31.723Z] [INFO] 识别分类: 总
[2025-04-28T06:29:31.723Z] [INFO] 识别分类: 处
[2025-04-28T06:29:31.723Z] [INFO] 识别分类: 则
[2025-04-28T06:29:31.723Z] [INFO] 识别分类: 理
[2025-04-28T06:29:31.723Z] [INFO] 识别分类: 篇
[2025-04-28T06:29:31.723Z] [INFO] 识别分类: 情形三
[2025-04-28T06:29:31.724Z] [INFO] 识别分类: ×
[2025-04-28T06:29:31.724Z] [INFO] 识别分类: 举证责任
[2025-04-28T06:29:31.724Z] [INFO] 识别分类: 情形四
[2025-04-28T06:29:31.724Z] [INFO] 识别分类: 诉讼时效
[2025-04-28T06:29:31.724Z] [INFO] 识别分类: 适
[2025-04-28T06:29:31.725Z] [INFO] 识别分类: 不动产
[2025-04-28T06:29:31.725Z] [INFO] 识别分类: 用
[2025-04-28T06:29:31.725Z] [INFO] 识别分类: 不适用情形
[2025-04-28T06:29:31.725Z] [INFO] 识别分类: 范
[2025-04-28T06:29:31.725Z] [INFO] 识别分类: 登记的普通动产
[2025-04-28T06:29:31.725Z] [INFO] 识别分类: 诉
[2025-04-28T06:29:31.725Z] [INFO] 识别分类: 讼
[2025-04-28T06:29:31.726Z] [INFO] 识别分类: 时
[2025-04-28T06:29:31.726Z] [INFO] 识别分类: 效
[2025-04-28T06:29:31.726Z] [INFO] 识别分类: 基
[2025-04-28T06:29:31.726Z] [INFO] 识别分类: 本
[2025-04-28T06:29:31.726Z] [INFO] 识别分类: 原
[2025-04-28T06:29:31.726Z] [INFO] 识别分类: 起诉
[2025-04-28T06:29:31.726Z] [INFO] 识别分类: 理
[2025-04-28T06:29:31.726Z] [INFO] 识别分类: 事后放弃诉讼
[2025-04-28T06:29:31.726Z] [INFO] 识别分类: 时效利益
[2025-04-28T06:29:31.726Z] [INFO] 识别分类: 计算
[2025-04-28T06:29:31.727Z] [INFO] 识别分类: 诉讼时效的起算
[2025-04-28T06:29:31.727Z] [INFO] 识别分类: 例外
[2025-04-28T06:29:31.727Z] [INFO] 识别分类: 被监护人受到侵犯
[2025-04-28T06:29:31.727Z] [INFO] 识别分类: 诉
[2025-04-28T06:29:31.727Z] [INFO] 识别分类: 效
[2025-04-28T06:29:31.727Z] [INFO] 识别分类: 诉讼时效的
[2025-04-28T06:29:31.727Z] [INFO] 识别分类: 民
[2025-04-28T06:29:31.727Z] [INFO] 识别分类: 中止和中断
[2025-04-28T06:29:31.727Z] [INFO] 识别分类: 法
[2025-04-28T06:29:31.728Z] [INFO] 识别分类: 义务人同意履行义务
[2025-04-28T06:29:31.728Z] [INFO] 识别分类: 权利人提起诉讼或者申请仲裁
[2025-04-28T06:29:31.728Z] [INFO] 识别分类: 则
[2025-04-28T06:29:31.728Z] [INFO] 识别分类: 篇
[2025-04-28T06:29:31.728Z] [INFO] 识别分类: 同一债务部分而及于剩余
[2025-04-28T06:29:31.728Z] [INFO] 识别分类: 特殊情形
[2025-04-28T06:29:31.728Z] [INFO] 识别分类: 债权转让通知到达
[2025-04-28T06:29:31.728Z] [INFO] 识别分类: 诉讼时效重新计算
[2025-04-28T06:29:31.728Z] [INFO] 识别分类: 法律效力
[2025-04-28T06:29:31.729Z] [INFO] 识别分类: 特殊规定
[2025-04-28T06:29:31.729Z] [INFO] 识别分类: 不动产和动产
[2025-04-28T06:29:31.729Z] [INFO] 识别分类: 原物和孳息
[2025-04-28T06:29:31.729Z] [INFO] 识别分类: 物的分类
[2025-04-28T06:29:31.729Z] [INFO] 识别分类: 物
[2025-04-28T06:29:31.729Z] [INFO] 识别分类: 权
[2025-04-28T06:29:31.729Z] [INFO] 识别分类: 优先效力
[2025-04-28T06:29:31.729Z] [INFO] 识别分类: 的
[2025-04-28T06:29:31.729Z] [INFO] 识别分类: 基
[2025-04-28T06:29:31.730Z] [INFO] 识别分类: 本
[2025-04-28T06:29:31.730Z] [INFO] 识别分类: 原
[2025-04-28T06:29:31.730Z] [INFO] 识别分类: 不能与物权分离而单独存在
[2025-04-28T06:29:31.730Z] [INFO] 识别分类: 理
[2025-04-28T06:29:31.730Z] [INFO] 识别分类: 返还原物请求权
[2025-04-28T06:29:31.730Z] [INFO] 识别分类: 排除妨害请求权
[2025-04-28T06:29:31.730Z] [INFO] 识别分类: 物
[2025-04-28T06:29:31.730Z] [INFO] 识别分类: 上
[2025-04-28T06:29:31.731Z] [INFO] 识别分类: 消除危险请求权
[2025-04-28T06:29:31.731Z] [INFO] 识别分类: 物权的保护
[2025-04-28T06:29:31.731Z] [INFO] 识别分类: 请
[2025-04-28T06:29:31.731Z] [INFO] 识别分类: 求
[2025-04-28T06:29:31.731Z] [INFO] 识别分类: 占有返还请求权
[2025-04-28T06:29:31.731Z] [INFO] 识别分类: 权
[2025-04-28T06:29:31.731Z] [INFO] 识别分类: 消除危险请求权
[2025-04-28T06:29:31.731Z] [INFO] 识别分类: 民
[2025-04-28T06:29:31.731Z] [INFO] 识别分类: 法
[2025-04-28T06:29:31.732Z] [INFO] 识别分类: 物
[2025-04-28T06:29:31.732Z] [INFO] 识别分类: 权
[2025-04-28T06:29:31.732Z] [INFO] 识别分类: 编
[2025-04-28T06:29:31.732Z] [INFO] 识别分类: 异议登记
[2025-04-28T06:29:31.732Z] [INFO] 识别分类: 不动产登记制度之异议登记
[2025-04-28T06:29:31.732Z] [INFO] 识别分类: 动
[2025-04-28T06:29:31.732Z] [INFO] 识别分类: 产
[2025-04-28T06:29:31.732Z] [INFO] 识别分类: 起诉
[2025-04-28T06:29:31.732Z] [INFO] 识别分类: 有
[2025-04-28T06:29:31.732Z] [INFO] 识别分类: 登
[2025-04-28T06:29:31.732Z] [INFO] 识别分类: 权
[2025-04-28T06:29:31.732Z] [INFO] 识别分类: 记
[2025-04-28T06:29:31.733Z] [INFO] 识别分类: 丨
[2025-04-28T06:29:31.733Z] [INFO] 识别分类: 制
[2025-04-28T06:29:31.733Z] [INFO] 识别分类: 基
[2025-04-28T06:29:31.733Z] [INFO] 识别分类: 度
[2025-04-28T06:29:31.733Z] [INFO] 识别分类: 于
[2025-04-28T06:29:31.733Z] [INFO] 识别分类: 民
[2025-04-28T06:29:31.733Z] [INFO] 识别分类: 事
[2025-04-28T06:29:31.733Z] [INFO] 识别分类: 法
[2025-04-28T06:29:31.733Z] [INFO] 识别分类: 之预告登记
[2025-04-28T06:29:31.733Z] [INFO] 识别分类: 行
[2025-04-28T06:29:31.733Z] [INFO] 识别分类: 为
[2025-04-28T06:29:31.733Z] [INFO] 识别分类: 新增
[2025-04-28T06:29:31.733Z] [INFO] 识别分类: 的
[2025-04-28T06:29:31.734Z] [INFO] 识别分类: 物
[2025-04-28T06:29:31.734Z] [INFO] 识别分类: 权
[2025-04-28T06:29:31.734Z] [INFO] 识别分类: 变
[2025-04-28T06:29:31.734Z] [INFO] 识别分类: 动
[2025-04-28T06:29:31.734Z] [INFO] 识别分类: 动
[2025-04-28T06:29:31.734Z] [INFO] 识别分类: 产
[2025-04-28T06:29:31.734Z] [INFO] 识别分类: 构成要件
[2025-04-28T06:29:31.734Z] [INFO] 识别分类: 制
[2025-04-28T06:29:31.734Z] [INFO] 识别分类: 合同有效
[2025-04-28T06:29:31.734Z] [INFO] 识别分类: 度
[2025-04-28T06:29:31.735Z] [INFO] 识别分类: 指
[2025-04-28T06:29:31.735Z] [INFO] 识别分类: 示
[2025-04-28T06:29:31.735Z] [INFO] 识别分类: 交
[2025-04-28T06:29:31.735Z] [INFO] 识别分类: 付
[2025-04-28T06:29:31.735Z] [INFO] 识别分类: 念
[2025-04-28T06:29:31.735Z] [INFO] 识别分类: 交
[2025-04-28T06:29:31.735Z] [INFO] 识别分类: 付
[2025-04-28T06:29:31.736Z] [INFO] 识别分类: 构成要件
[2025-04-28T06:29:31.736Z] [INFO] 识别分类: 占
[2025-04-28T06:29:31.736Z] [INFO] 识别分类: 有
[2025-04-28T06:29:31.736Z] [INFO] 识别分类: 改
[2025-04-28T06:29:31.736Z] [INFO] 识别分类: 定
[2025-04-28T06:29:31.736Z] [INFO] 识别分类: 善意取得的说明
[2025-04-28T06:29:31.736Z] [INFO] 识别分类: 政
[2025-04-28T06:29:31.736Z] [INFO] 识别分类: 法律文书
[2025-04-28T06:29:31.737Z] [INFO] 识别分类: ·
[2025-04-28T06:29:31.737Z] [INFO] 识别分类: 法
[2025-04-28T06:29:31.737Z] [INFO] 识别分类: ·
[2025-04-28T06:29:31.737Z] [INFO] 识别分类: ·
[2025-04-28T06:29:31.737Z] [INFO] 识别分类: 因继承发生物权变动，自继承
[2025-04-28T06:29:31.737Z] [INFO] 识别分类: 权
[2025-04-28T06:29:31.737Z] [INFO] 识别分类: 事
[2025-04-28T06:29:31.737Z] [INFO] 识别分类: 开始时发生物权变动
[2025-04-28T06:29:31.737Z] [INFO] 识别分类: 丨
[2025-04-28T06:29:31.737Z] [INFO] 识别分类: 继
[2025-04-28T06:29:31.737Z] [INFO] 识别分类: 非
[2025-04-28T06:29:31.738Z] [INFO] 识别分类: 承
[2025-04-28T06:29:31.738Z] [INFO] 识别分类: 遗产分割后，遗产分别所有
[2025-04-28T06:29:31.738Z] [INFO] 识别分类: 基
[2025-04-28T06:29:31.738Z] [INFO] 识别分类: 于
[2025-04-28T06:29:31.738Z] [INFO] 识别分类: 民
[2025-04-28T06:29:31.738Z] [INFO] 识别分类: 事
[2025-04-28T06:29:31.738Z] [INFO] 识别分类: 违章建筑物不能取得物权
[2025-04-28T06:29:31.738Z] [INFO] 识别分类: 法
[2025-04-28T06:29:31.738Z] [INFO] 识别分类: 律
[2025-04-28T06:29:31.738Z] [INFO] 识别分类: 行
[2025-04-28T06:29:31.738Z] [INFO] 识别分类: 为
[2025-04-28T06:29:31.738Z] [INFO] 识别分类: 的
[2025-04-28T06:29:31.738Z] [INFO] 识别分类: 物
[2025-04-28T06:29:31.739Z] [INFO] 识别分类: 权
[2025-04-28T06:29:31.739Z] [INFO] 识别分类: 变
[2025-04-28T06:29:31.739Z] [INFO] 识别分类: 动
[2025-04-28T06:29:31.739Z] [INFO] 识别分类: 民
[2025-04-28T06:29:31.739Z] [INFO] 识别分类: 法
[2025-04-28T06:29:31.739Z] [INFO] 识别分类: 物
[2025-04-28T06:29:31.739Z] [INFO] 识别分类: 权
[2025-04-28T06:29:31.739Z] [INFO] 识别分类: 编
[2025-04-28T06:29:31.739Z] [INFO] 识别分类: 处分自己财产属于有权处分
[2025-04-28T06:29:31.739Z] [INFO] 识别分类: 构
[2025-04-28T06:29:31.739Z] [INFO] 识别分类: 成
[2025-04-28T06:29:31.739Z] [INFO] 识别分类: 要
[2025-04-28T06:29:31.740Z] [INFO] 识别分类: 相对人善意且无重大过失
[2025-04-28T06:29:31.740Z] [INFO] 识别分类: 件
[2025-04-28T06:29:31.740Z] [INFO] 识别分类: 仅需约定的价款合理即可
[2025-04-28T06:29:31.740Z] [INFO] 识别分类: 相对人客观上支付合理对价
[2025-04-28T06:29:31.740Z] [INFO] 识别分类: 不动产依登记，动产依交付
[2025-04-28T06:29:31.741Z] [INFO] 识别分类: 善
[2025-04-28T06:29:31.741Z] [INFO] 识别分类: 夫妻共有房屋，登记人出卖房屋
[2025-04-28T06:29:31.741Z] [INFO] 识别分类: 意
[2025-04-28T06:29:31.741Z] [INFO] 识别分类: 不动产
[2025-04-28T06:29:31.741Z] [INFO] 识别分类: 取
[2025-04-28T06:29:31.741Z] [INFO] 识别分类: 得
[2025-04-28T06:29:31.741Z] [INFO] 识别分类: 的
[2025-04-28T06:29:31.742Z] [INFO] 识别分类: 适
[2025-04-28T06:29:31.742Z] [INFO] 识别分类: 用
[2025-04-28T06:29:31.742Z] [INFO] 识别分类: 范
[2025-04-28T06:29:31.742Z] [INFO] 识别分类: 围
[2025-04-28T06:29:31.742Z] [INFO] 识别分类: 遗失物的特别规定
[2025-04-28T06:29:31.742Z] [INFO] 识别分类: 拾得遗失物，应当返还权利人
[2025-04-28T06:29:31.742Z] [INFO] 识别分类: 返还义务
[2025-04-28T06:29:31.742Z] [INFO] 识别分类: 拾得人义务
[2025-04-28T06:29:31.742Z] [INFO] 识别分类: 动产遗失物的取得
[2025-04-28T06:29:31.742Z] [INFO] 识别分类: 必要费用请求权
[2025-04-28T06:29:31.743Z] [INFO] 识别分类: 善
[2025-04-28T06:29:31.743Z] [INFO] 识别分类: 意
[2025-04-28T06:29:31.743Z] [INFO] 识别分类: 取
[2025-04-28T06:29:31.743Z] [INFO] 识别分类: 得
[2025-04-28T06:29:31.743Z] [INFO] 识别分类: 自己所有意思
[2025-04-28T06:29:31.743Z] [INFO] 识别分类: 附和
[2025-04-28T06:29:31.743Z] [INFO] 识别分类: 所有权之成员权
[2025-04-28T06:29:31.743Z] [INFO] 识别分类: 主
[2025-04-28T06:29:31.744Z] [INFO] 识别分类: 自治权
[2025-04-28T06:29:31.744Z] [INFO] 识别分类: 的
[2025-04-28T06:29:31.744Z] [INFO] 识别分类: 业
[2025-04-28T06:29:31.744Z] [INFO] 识别分类: 建
[2025-04-28T06:29:31.744Z] [INFO] 识别分类: 主
[2025-04-28T06:29:31.744Z] [INFO] 识别分类: 筑
[2025-04-28T06:29:31.744Z] [INFO] 识别分类: 的
[2025-04-28T06:29:31.744Z] [INFO] 识别分类: 业主的权利
[2025-04-28T06:29:31.744Z] [INFO] 识别分类: 物
[2025-04-28T06:29:31.745Z] [INFO] 识别分类: 权
[2025-04-28T06:29:31.745Z] [INFO] 识别分类: 区
[2025-04-28T06:29:31.745Z] [INFO] 识别分类: 利
[2025-04-28T06:29:31.745Z] [INFO] 识别分类: 民
[2025-04-28T06:29:31.745Z] [INFO] 识别分类: 分
[2025-04-28T06:29:31.745Z] [INFO] 识别分类: 法
[2025-04-28T06:29:31.745Z] [INFO] 识别分类: 所
[2025-04-28T06:29:31.745Z] [INFO] 识别分类: 义
[2025-04-28T06:29:31.746Z] [INFO] 识别分类: 物
[2025-04-28T06:29:31.746Z] [INFO] 识别分类: 务
[2025-04-28T06:29:31.746Z] [INFO] 识别分类: 权
[2025-04-28T06:29:31.746Z] [INFO] 识别分类: 编
[2025-04-28T06:29:31.746Z] [INFO] 识别分类: 利害关系人一票否决
[2025-04-28T06:29:31.746Z] [INFO] 识别分类: 禁止住改商
[2025-04-28T06:29:31.746Z] [INFO] 识别分类: 业主的义务
[2025-04-28T06:29:31.746Z] [INFO] 识别分类: 禁止权利滥用
[2025-04-28T06:29:31.747Z] [INFO] 识别分类: 收益分配
[2025-04-28T06:29:31.747Z] [INFO] 识别分类: 有约从约，无约按份
[2025-04-28T06:29:31.747Z] [INFO] 识别分类: 部
[2025-04-28T06:29:31.747Z] [INFO] 识别分类: 关
[2025-04-28T06:29:31.747Z] [INFO] 识别分类: 系
[2025-04-28T06:29:31.747Z] [INFO] 识别分类: 条件
[2025-04-28T06:29:31.747Z] [INFO] 识别分类: 无约随时分，无诉讼时效限制
[2025-04-28T06:29:31.747Z] [INFO] 识别分类: 分
[2025-04-28T06:29:31.748Z] [INFO] 识别分类: 为
[2025-04-28T06:29:31.748Z] [INFO] 识别分类: 割
[2025-04-28T06:29:31.748Z] [INFO] 识别分类: 按
[2025-04-28T06:29:31.748Z] [INFO] 识别分类: 份
[2025-04-28T06:29:31.748Z] [INFO] 识别分类: 共
[2025-04-28T06:29:31.748Z] [INFO] 识别分类: 共有物的处分
[2025-04-28T06:29:31.748Z] [INFO] 识别分类: 条件
[2025-04-28T06:29:31.748Z] [INFO] 识别分类: 有
[2025-04-28T06:29:31.748Z] [INFO] 识别分类: 例外，有约从约
[2025-04-28T06:29:31.748Z] [INFO] 识别分类: 处
[2025-04-28T06:29:31.748Z] [INFO] 识别分类: 共有份额
[2025-04-28T06:29:31.748Z] [INFO] 识别分类: 的处分
[2025-04-28T06:29:31.749Z] [INFO] 识别分类: 共
[2025-04-28T06:29:31.749Z] [INFO] 识别分类: 转让
[2025-04-28T06:29:31.749Z] [INFO] 识别分类: 有
[2025-04-28T06:29:31.749Z] [INFO] 识别分类: 制
[2025-04-28T06:29:31.749Z] [INFO] 识别分类: 度
[2025-04-28T06:29:31.749Z] [INFO] 识别分类: 共同共有
[2025-04-28T06:29:31.749Z] [INFO] 识别分类: 设
[2025-04-28T06:29:31.749Z] [INFO] 识别分类: 立
[2025-04-28T06:29:31.750Z] [INFO] 识别分类: 登记造册
[2025-04-28T06:29:31.750Z] [INFO] 识别分类: 土地承包经营权
[2025-04-28T06:29:31.750Z] [INFO] 识别分类: 流转和限制
[2025-04-28T06:29:31.751Z] [INFO] 识别分类: 不可继承
[2025-04-28T06:29:31.751Z] [INFO] 识别分类: 主体只限于自然人
[2025-04-28T06:29:31.751Z] [INFO] 识别分类: 客体为住宅
[2025-04-28T06:29:31.751Z] [INFO] 识别分类: 含义
[2025-04-28T06:29:31.751Z] [INFO] 识别分类: 居住权人有占有、使用两项权能
[2025-04-28T06:29:31.752Z] [INFO] 识别分类: 功能是满足生活居住需求
[2025-04-28T06:29:31.752Z] [INFO] 识别分类: 原则无偿设立，另有约定除外
[2025-04-28T06:29:31.752Z] [INFO] 识别分类: 用
[2025-04-28T06:29:31.752Z] [INFO] 识别分类: 设立
[2025-04-28T06:29:31.752Z] [INFO] 识别分类: 益
[2025-04-28T06:29:31.752Z] [INFO] 识别分类: 居住权登记设立
[2025-04-28T06:29:31.752Z] [INFO] 识别分类: 居住权
[2025-04-28T06:29:31.753Z] [INFO] 识别分类: 物
[2025-04-28T06:29:31.753Z] [INFO] 识别分类: 居住权不得转让、继承
[2025-04-28T06:29:31.753Z] [INFO] 识别分类: 绝对禁止
[2025-04-28T06:29:31.753Z] [INFO] 识别分类: 居住权不得设定抵押、不得遗赠
[2025-04-28T06:29:31.753Z] [INFO] 识别分类: 限制
[2025-04-28T06:29:31.753Z] [INFO] 识别分类: 地役权
[2025-04-28T06:29:31.753Z] [INFO] 识别分类: 民
[2025-04-28T06:29:31.754Z] [INFO] 识别分类: 法
[2025-04-28T06:29:31.754Z] [INFO] 识别分类: 物
[2025-04-28T06:29:31.754Z] [INFO] 识别分类: 权
[2025-04-28T06:29:31.754Z] [INFO] 识别分类: 编
[2025-04-28T06:29:31.754Z] [INFO] 识别分类: 法定不能约定，比如独立担保
[2025-04-28T06:29:31.754Z] [INFO] 识别分类: 效力的从属性
[2025-04-28T06:29:31.754Z] [INFO] 识别分类: 的从属性
[2025-04-28T06:29:31.755Z] [INFO] 识别分类: 担
[2025-04-28T06:29:31.755Z] [INFO] 识别分类: 保
[2025-04-28T06:29:31.755Z] [INFO] 识别分类: 物
[2025-04-28T06:29:31.755Z] [INFO] 识别分类: 权
[2025-04-28T06:29:31.755Z] [INFO] 识别分类: 意定担保物权的不可分性
[2025-04-28T06:29:31.755Z] [INFO] 识别分类: 的
[2025-04-28T06:29:31.755Z] [INFO] 识别分类: 担
[2025-04-28T06:29:31.756Z] [INFO] 识别分类: 理
[2025-04-28T06:29:31.756Z] [INFO] 识别分类: 保
[2025-04-28T06:29:31.757Z] [INFO] 识别分类: 物
[2025-04-28T06:29:31.757Z] [INFO] 识别分类: 权
[2025-04-28T06:29:31.757Z] [INFO] 识别分类: 效力
[2025-04-28T06:29:31.757Z] [INFO] 识别分类: 主合同有效而第三人
[2025-04-28T06:29:31.757Z] [INFO] 识别分类: 债务人和担保人恶意串通
[2025-04-28T06:29:31.758Z] [INFO] 识别分类: 提供的担保合同无效
[2025-04-28T06:29:31.758Z] [INFO] 识别分类: 缔约过失责任
[2025-04-28T06:29:31.758Z] [INFO] 识别分类: 担保合同无效后
[2025-04-28T06:29:31.758Z] [INFO] 识别分类: 的法律责任
[2025-04-28T06:29:31.758Z] [INFO] 识别分类: 主合同无效导致
[2025-04-28T06:29:31.758Z] [INFO] 识别分类: 担保人无过错，不承担责任
[2025-04-28T06:29:31.758Z] [INFO] 识别分类: 担保合同无效
[2025-04-28T06:29:31.758Z] [INFO] 识别分类: 抵押合同无效，抵押权不设立
[2025-04-28T06:29:31.758Z] [INFO] 识别分类: 土地所有权
[2025-04-28T06:29:31.759Z] [INFO] 识别分类: 不
[2025-04-28T06:29:31.759Z] [INFO] 识别分类: 可
[2025-04-28T06:29:31.759Z] [INFO] 识别分类: 依法查封、扣押、监管的财产
[2025-04-28T06:29:31.759Z] [INFO] 识别分类: 抵
[2025-04-28T06:29:31.759Z] [INFO] 识别分类: 抵押合同有效
[2025-04-28T06:29:31.759Z] [INFO] 识别分类: 抵
[2025-04-28T06:29:31.759Z] [INFO] 识别分类: 的
[2025-04-28T06:29:31.759Z] [INFO] 识别分类: 抵押权实现视措施是否解除而定
[2025-04-28T06:29:31.759Z] [INFO] 识别分类: 押
[2025-04-28T06:29:31.759Z] [INFO] 识别分类: 财
[2025-04-28T06:29:31.759Z] [INFO] 识别分类: 财
[2025-04-28T06:29:31.759Z] [INFO] 识别分类: 产
[2025-04-28T06:29:31.760Z] [INFO] 识别分类: 产
[2025-04-28T06:29:31.760Z] [INFO] 识别分类: 违法、违规建筑
[2025-04-28T06:29:31.760Z] [INFO] 识别分类: 抵押合同
[2025-04-28T06:29:31.760Z] [INFO] 识别分类: 动
[2025-04-28T06:29:31.760Z] [INFO] 识别分类: 产
[2025-04-28T06:29:31.760Z] [INFO] 识别分类: 抵押权登记时设立
[2025-04-28T06:29:31.760Z] [INFO] 识别分类: 抵
[2025-04-28T06:29:31.761Z] [INFO] 识别分类: 抵
[2025-04-28T06:29:31.761Z] [INFO] 识别分类: 的，未抵押的财产视为一并抵押
[2025-04-28T06:29:31.761Z] [INFO] 识别分类: 押
[2025-04-28T06:29:31.761Z] [INFO] 识别分类: 权
[2025-04-28T06:29:31.761Z] [INFO] 识别分类: 的
[2025-04-28T06:29:31.761Z] [INFO] 识别分类: 设
[2025-04-28T06:29:31.761Z] [INFO] 识别分类: 立
[2025-04-28T06:29:31.761Z] [INFO] 识别分类: 新增建筑物的处理
[2025-04-28T06:29:31.762Z] [INFO] 识别分类: 动
[2025-04-28T06:29:31.762Z] [INFO] 识别分类: 中国人民银行征信中心
[2025-04-28T06:29:31.762Z] [INFO] 识别分类: 登记特殊
[2025-04-28T06:29:31.762Z] [INFO] 识别分类: 担
[2025-04-28T06:29:31.762Z] [INFO] 识别分类: 产
[2025-04-28T06:29:31.762Z] [INFO] 识别分类: 保
[2025-04-28T06:29:31.762Z] [INFO] 识别分类: 浮
[2025-04-28T06:29:31.762Z] [INFO] 识别分类: 物
[2025-04-28T06:29:31.762Z] [INFO] 识别分类: 动
[2025-04-28T06:29:31.762Z] [INFO] 识别分类: 权
[2025-04-28T06:29:31.763Z] [INFO] 识别分类: 抵
[2025-04-28T06:29:31.763Z] [INFO] 识别分类: 丨
[2025-04-28T06:29:31.763Z] [INFO] 识别分类: 押
[2025-04-28T06:29:31.763Z] [INFO] 识别分类: 权
[2025-04-28T06:29:31.763Z] [INFO] 识别分类: 押
[2025-04-28T06:29:31.763Z] [INFO] 识别分类: 债务履行期限届满，债权未实现
[2025-04-28T06:29:31.763Z] [INFO] 识别分类: 权
[2025-04-28T06:29:31.763Z] [INFO] 识别分类: 抵押财产自下列情形出现时确定
[2025-04-28T06:29:31.763Z] [INFO] 识别分类: 实现特殊
[2025-04-28T06:29:31.763Z] [INFO] 识别分类: 抵押人被宣告破产或解散
[2025-04-28T06:29:31.763Z] [INFO] 识别分类: 营业执照明确记载经营范围
[2025-04-28T06:29:31.763Z] [INFO] 识别分类: 出卖人
[2025-04-28T06:29:31.764Z] [INFO] 识别分类: 持续销售同类商品
[2025-04-28T06:29:31.764Z] [INFO] 识别分类: 正常经营买受人制度
[2025-04-28T06:29:31.764Z] [INFO] 识别分类: 买受人
[2025-04-28T06:29:31.764Z] [INFO] 识别分类: 抵押权和租赁权的冲突解决
[2025-04-28T06:29:31.764Z] [INFO] 识别分类: 法
[2025-04-28T06:29:31.764Z] [INFO] 识别分类: 先抵押后租赁
[2025-04-28T06:29:31.764Z] [INFO] 识别分类: 物
[2025-04-28T06:29:31.764Z] [INFO] 识别分类: 权
[2025-04-28T06:29:31.764Z] [INFO] 识别分类: 抵押人承担违约责任
[2025-04-28T06:29:31.764Z] [INFO] 识别分类: 编
[2025-04-28T06:29:31.764Z] [INFO] 识别分类: 转让合同有效
[2025-04-28T06:29:31.765Z] [INFO] 识别分类: 有
[2025-04-28T06:29:31.765Z] [INFO] 识别分类: 受让人明知的除外
[2025-04-28T06:29:31.765Z] [INFO] 识别分类: 约
[2025-04-28T06:29:31.765Z] [INFO] 识别分类: 定
[2025-04-28T06:29:31.765Z] [INFO] 识别分类: 抵
[2025-04-28T06:29:31.765Z] [INFO] 识别分类: 情
[2025-04-28T06:29:31.765Z] [INFO] 识别分类: 发生物权效力
[2025-04-28T06:29:31.765Z] [INFO] 识别分类: 押
[2025-04-28T06:29:31.766Z] [INFO] 识别分类: 形
[2025-04-28T06:29:31.766Z] [INFO] 识别分类: 财
[2025-04-28T06:29:31.766Z] [INFO] 识别分类: 抵押人承担违约责任
[2025-04-28T06:29:31.766Z] [INFO] 识别分类: 产
[2025-04-28T06:29:31.766Z] [INFO] 识别分类: 的
[2025-04-28T06:29:31.766Z] [INFO] 识别分类: 转让合同有效
[2025-04-28T06:29:31.766Z] [INFO] 识别分类: 转
[2025-04-28T06:29:31.766Z] [INFO] 识别分类: 让
[2025-04-28T06:29:31.766Z] [INFO] 识别分类: 不发生物权效力
[2025-04-28T06:29:31.766Z] [INFO] 识别分类: 无约定情形
[2025-04-28T06:29:31.767Z] [INFO] 识别分类: 转让
[2025-04-28T06:29:31.767Z] [INFO] 识别分类: 抵押权的处分
[2025-04-28T06:29:31.767Z] [INFO] 识别分类: 放弃
[2025-04-28T06:29:31.767Z] [INFO] 识别分类: 清偿顺位
[2025-04-28T06:29:31.767Z] [INFO] 识别分类: 登记优于未登记
[2025-04-28T06:29:31.767Z] [INFO] 识别分类: 动产
[2025-04-28T06:29:31.767Z] [INFO] 识别分类: 抵押权
[2025-04-28T06:29:31.767Z] [INFO] 识别分类: 的顺位
[2025-04-28T06:29:31.767Z] [INFO] 识别分类: 交换顺位
[2025-04-28T06:29:31.767Z] [INFO] 识别分类: 特
[2025-04-28T06:29:31.767Z] [INFO] 识别分类: 征
[2025-04-28T06:29:31.767Z] [INFO] 识别分类: 含义
[2025-04-28T06:29:31.767Z] [INFO] 识别分类: 担
[2025-04-28T06:29:31.768Z] [INFO] 识别分类: 保
[2025-04-28T06:29:31.768Z] [INFO] 识别分类: 特征
[2025-04-28T06:29:31.768Z] [INFO] 识别分类: 物
[2025-04-28T06:29:31.768Z] [INFO] 识别分类: 权
[2025-04-28T06:29:31.768Z] [INFO] 识别分类: 丨
[2025-04-28T06:29:31.768Z] [INFO] 识别分类: 最
[2025-04-28T06:29:31.768Z] [INFO] 识别分类: 抵
[2025-04-28T06:29:31.768Z] [INFO] 识别分类: 高
[2025-04-28T06:29:31.768Z] [INFO] 识别分类: 押
[2025-04-28T06:29:31.769Z] [INFO] 识别分类: 转让的债权作为普通债权
[2025-04-28T06:29:31.769Z] [INFO] 识别分类: 额
[2025-04-28T06:29:31.769Z] [INFO] 识别分类: 权
[2025-04-28T06:29:31.769Z] [INFO] 识别分类: 效
[2025-04-28T06:29:31.769Z] [INFO] 识别分类: 抵
[2025-04-28T06:29:31.769Z] [INFO] 识别分类: 力
[2025-04-28T06:29:31.769Z] [INFO] 识别分类: 押
[2025-04-28T06:29:31.769Z] [INFO] 识别分类: 权
[2025-04-28T06:29:31.770Z] [INFO] 识别分类: 外
[2025-04-28T06:29:31.770Z] [INFO] 识别分类: 变更
[2025-04-28T06:29:31.770Z] [INFO] 识别分类: 约定的债权确定期间届满
[2025-04-28T06:29:31.770Z] [INFO] 识别分类: 年后请求确定债权的
[2025-04-28T06:29:31.770Z] [INFO] 识别分类: 法
[2025-04-28T06:29:31.770Z] [INFO] 识别分类: 物
[2025-04-28T06:29:31.770Z] [INFO] 识别分类: 权
[2025-04-28T06:29:31.770Z] [INFO] 识别分类: 旧贷消灭、新贷产生
[2025-04-28T06:29:31.771Z] [INFO] 识别分类: 法律效力
[2025-04-28T06:29:31.771Z] [INFO] 识别分类: 编
[2025-04-28T06:29:31.771Z] [INFO] 识别分类: 借新还旧
[2025-04-28T06:29:31.771Z] [INFO] 识别分类: 担保人责任
[2025-04-28T06:29:31.771Z] [INFO] 识别分类: 知情才需要承担担保责任
[2025-04-28T06:29:31.771Z] [INFO] 识别分类: 于
[2025-04-28T06:29:31.771Z] [INFO] 识别分类: 质权人没有返回原物请求权
[2025-04-28T06:29:31.771Z] [INFO] 识别分类: 付
[2025-04-28T06:29:31.772Z] [INFO] 识别分类: 动
[2025-04-28T06:29:31.772Z] [INFO] 识别分类: 产
[2025-04-28T06:29:31.772Z] [INFO] 识别分类: 质
[2025-04-28T06:29:31.772Z] [INFO] 识别分类: 权
[2025-04-28T06:29:31.772Z] [INFO] 识别分类: 设立质权，书面形式
[2025-04-28T06:29:31.772Z] [INFO] 识别分类: 不交付质押物，可主张违约责任
[2025-04-28T06:29:31.772Z] [INFO] 识别分类: 质
[2025-04-28T06:29:31.772Z] [INFO] 识别分类: 权
[2025-04-28T06:29:31.773Z] [INFO] 识别分类: 汇票自交付质权人时设立
[2025-04-28T06:29:31.773Z] [INFO] 识别分类: 法定担保物权
[2025-04-28T06:29:31.773Z] [INFO] 识别分类: 性质
[2025-04-28T06:29:31.773Z] [INFO] 识别分类: 民事留置权的生效条件
[2025-04-28T06:29:31.773Z] [INFO] 识别分类: 担
[2025-04-28T06:29:31.773Z] [INFO] 识别分类: 保
[2025-04-28T06:29:31.773Z] [INFO] 识别分类: 物
[2025-04-28T06:29:31.773Z] [INFO] 识别分类: 权
[2025-04-28T06:29:31.774Z] [INFO] 识别分类: 成立要件
[2025-04-28T06:29:31.774Z] [INFO] 识别分类: 丨
[2025-04-28T06:29:31.774Z] [INFO] 识别分类: 留
[2025-04-28T06:29:31.774Z] [INFO] 识别分类: 置
[2025-04-28T06:29:31.774Z] [INFO] 识别分类: 权
[2025-04-28T06:29:31.774Z] [INFO] 识别分类: 注意
[2025-04-28T06:29:31.774Z] [INFO] 识别分类: 留置权的
[2025-04-28T06:29:31.774Z] [INFO] 识别分类: 优先效力
[2025-04-28T06:29:31.775Z] [INFO] 识别分类: 留置权的消灭的情形
[2025-04-28T06:29:31.775Z] [INFO] 识别分类: 法
[2025-04-28T06:29:31.775Z] [INFO] 识别分类: 物
[2025-04-28T06:29:31.775Z] [INFO] 识别分类: 权
[2025-04-28T06:29:31.775Z] [INFO] 识别分类: 编
[2025-04-28T06:29:31.775Z] [INFO] 识别分类: 可请求必要费用
[2025-04-28T06:29:31.775Z] [INFO] 识别分类: 占
[2025-04-28T06:29:31.776Z] [INFO] 识别分类: 有权占有和无权占有
[2025-04-28T06:29:31.776Z] [INFO] 识别分类: 有
[2025-04-28T06:29:31.776Z] [INFO] 识别分类: 的
[2025-04-28T06:29:31.776Z] [INFO] 识别分类: 盗赃物的占有，误拿他人行李
[2025-04-28T06:29:31.776Z] [INFO] 识别分类: 自主占有
[2025-04-28T06:29:31.776Z] [INFO] 识别分类: 分
[2025-04-28T06:29:31.776Z] [INFO] 识别分类: 自主占有和他主占有
[2025-04-28T06:29:31.777Z] [INFO] 识别分类: 类
[2025-04-28T06:29:31.777Z] [INFO] 识别分类: 占有媒介关系
[2025-04-28T06:29:31.777Z] [INFO] 识别分类: 盗赃物、遗失物不存在直
[2025-04-28T06:29:31.777Z] [INFO] 识别分类: 接占有、间接占有的问题
[2025-04-28T06:29:31.777Z] [INFO] 识别分类: 占
[2025-04-28T06:29:31.777Z] [INFO] 识别分类: 有
[2025-04-28T06:29:31.777Z] [INFO] 识别分类: 制
[2025-04-28T06:29:31.777Z] [INFO] 识别分类: 度
[2025-04-28T06:29:31.777Z] [INFO] 识别分类: 典型情形
[2025-04-28T06:29:31.778Z] [INFO] 识别分类: 无
[2025-04-28T06:29:31.778Z] [INFO] 识别分类: 因
[2025-04-28T06:29:31.778Z] [INFO] 识别分类: 管
[2025-04-28T06:29:31.778Z] [INFO] 识别分类: 理
[2025-04-28T06:29:31.778Z] [INFO] 识别分类: 构成要件
[2025-04-28T06:29:31.778Z] [INFO] 识别分类: 之
[2025-04-28T06:29:31.778Z] [INFO] 识别分类: 债
[2025-04-28T06:29:31.778Z] [INFO] 识别分类: 债
[2025-04-28T06:29:31.779Z] [INFO] 识别分类: 的
[2025-04-28T06:29:31.779Z] [INFO] 识别分类: 法
[2025-04-28T06:29:31.779Z] [INFO] 识别分类: 必要费用请求权
[2025-04-28T06:29:31.779Z] [INFO] 识别分类: 定
[2025-04-28T06:29:31.779Z] [INFO] 识别分类: 分
[2025-04-28T06:29:31.779Z] [INFO] 识别分类: 类
[2025-04-28T06:29:31.779Z] [INFO] 识别分类: 体
[2025-04-28T06:29:31.779Z] [INFO] 识别分类: 系
[2025-04-28T06:29:31.780Z] [INFO] 识别分类: ①★没有法定或约定的原因
[2025-04-28T06:29:31.780Z] [INFO] 识别分类: 成
[2025-04-28T06:29:31.780Z] [INFO] 识别分类: 要
[2025-04-28T06:29:31.780Z] [INFO] 识别分类: 件
[2025-04-28T06:29:31.780Z] [INFO] 识别分类: 强迫得利不构成不当得利
[2025-04-28T06:29:31.780Z] [INFO] 识别分类: 获益和受损之间有直接因果关系
[2025-04-28T06:29:31.780Z] [INFO] 识别分类: 不当得利之债
[2025-04-28T06:29:31.780Z] [INFO] 识别分类: 债
[2025-04-28T06:29:31.781Z] [INFO] 识别分类: 返还原物和孳息
[2025-04-28T06:29:31.781Z] [INFO] 识别分类: 法
[2025-04-28T06:29:31.781Z] [INFO] 识别分类: 总
[2025-04-28T06:29:31.781Z] [INFO] 识别分类: 利用不当得利所获得的其他收益
[2025-04-28T06:29:31.781Z] [INFO] 识别分类: 则
[2025-04-28T06:29:31.781Z] [INFO] 识别分类: 法律效力
[2025-04-28T06:29:31.781Z] [INFO] 识别分类: 恶意得利人
[2025-04-28T06:29:31.782Z] [INFO] 识别分类: 单一之债和多数人之债
[2025-04-28T06:29:31.782Z] [INFO] 识别分类: 财物之债
[2025-04-28T06:29:31.782Z] [INFO] 识别分类: 财物之债、劳务之债和货币之债
[2025-04-28T06:29:31.782Z] [INFO] 识别分类: 债
[2025-04-28T06:29:31.782Z] [INFO] 识别分类: 劳务之债
[2025-04-28T06:29:31.782Z] [INFO] 识别分类: 的
[2025-04-28T06:29:31.782Z] [INFO] 识别分类: 学
[2025-04-28T06:29:31.782Z] [INFO] 识别分类: 理
[2025-04-28T06:29:31.782Z] [INFO] 识别分类: 分
[2025-04-28T06:29:31.783Z] [INFO] 识别分类: 类
[2025-04-28T06:29:31.783Z] [INFO] 识别分类: 体
[2025-04-28T06:29:31.783Z] [INFO] 识别分类: 系
[2025-04-28T06:29:31.783Z] [INFO] 识别分类: 选择权的履行规则
[2025-04-28T06:29:31.783Z] [INFO] 识别分类: 简单之债和选择之债
[2025-04-28T06:29:31.783Z] [INFO] 识别分类: 单务合同和双务合同
[2025-04-28T06:29:31.783Z] [INFO] 识别分类: 单务合同
[2025-04-28T06:29:31.784Z] [INFO] 识别分类: 分类
[2025-04-28T06:29:31.784Z] [INFO] 识别分类: 有名合同和无名合同
[2025-04-28T06:29:31.784Z] [INFO] 识别分类: 有偿合同和无偿合同
[2025-04-28T06:29:31.784Z] [INFO] 识别分类: 诺成性合同和实践性合同
[2025-04-28T06:29:31.784Z] [INFO] 识别分类: 合
[2025-04-28T06:29:31.784Z] [INFO] 识别分类: 的
[2025-04-28T06:29:31.784Z] [INFO] 识别分类: 学
[2025-04-28T06:29:31.784Z] [INFO] 识别分类: 理
[2025-04-28T06:29:31.785Z] [INFO] 识别分类: 分
[2025-04-28T06:29:31.785Z] [INFO] 识别分类: 类
[2025-04-28T06:29:31.785Z] [INFO] 识别分类: 本约合同的
[2025-04-28T06:29:31.785Z] [INFO] 识别分类: 修
[2025-04-28T06:29:31.785Z] [INFO] 识别分类: 本约和预约
[2025-04-28T06:29:31.785Z] [INFO] 识别分类: 履行治愈规则
[2025-04-28T06:29:31.785Z] [INFO] 识别分类: 成立
[2025-04-28T06:29:31.786Z] [INFO] 识别分类: 束己合同和涉他合同
[2025-04-28T06:29:31.786Z] [INFO] 识别分类: 涉他合同
[2025-04-28T06:29:31.786Z] [INFO] 识别分类: 射幸合同和确定合同
[2025-04-28T06:29:31.786Z] [INFO] 识别分类: 法
[2025-04-28T06:29:31.786Z] [INFO] 识别分类: 合
[2025-04-28T06:29:31.786Z] [INFO] 识别分类: 同
[2025-04-28T06:29:31.786Z] [INFO] 识别分类: 总
[2025-04-28T06:29:31.786Z] [INFO] 识别分类: 则
[2025-04-28T06:29:31.787Z] [INFO] 识别分类: 继续性合同
[2025-04-28T06:29:31.787Z] [INFO] 识别分类: 编
[2025-04-28T06:29:31.787Z] [INFO] 识别分类: 构
[2025-04-28T06:29:31.787Z] [INFO] 识别分类: 成
[2025-04-28T06:29:31.787Z] [INFO] 识别分类: 要
[2025-04-28T06:29:31.787Z] [INFO] 识别分类: 件
[2025-04-28T06:29:31.787Z] [INFO] 识别分类: 修
[2025-04-28T06:29:31.787Z] [INFO] 识别分类: 订约费用
[2025-04-28T06:29:31.788Z] [INFO] 识别分类: 准备履行所需费用
[2025-04-28T06:29:31.788Z] [INFO] 识别分类: 缔
[2025-04-28T06:29:31.788Z] [INFO] 识别分类: 约
[2025-04-28T06:29:31.788Z] [INFO] 识别分类: 过
[2025-04-28T06:29:31.788Z] [INFO] 识别分类: 合同未成立型的
[2025-04-28T06:29:31.788Z] [INFO] 识别分类: 失
[2025-04-28T06:29:31.788Z] [INFO] 识别分类: 缔约过失责任
[2025-04-28T06:29:31.788Z] [INFO] 识别分类: 诈
[2025-04-28T06:29:31.788Z] [INFO] 识别分类: 适
[2025-04-28T06:29:31.789Z] [INFO] 识别分类: 责
[2025-04-28T06:29:31.789Z] [INFO] 识别分类: 用
[2025-04-28T06:29:31.789Z] [INFO] 识别分类: 情
[2025-04-28T06:29:31.789Z] [INFO] 识别分类: 法
[2025-04-28T06:29:31.789Z] [INFO] 识别分类: 形
[2025-04-28T06:29:31.789Z] [INFO] 识别分类: 合同被撤销
[2025-04-28T06:29:31.789Z] [INFO] 识别分类: 定
[2025-04-28T06:29:31.789Z] [INFO] 识别分类: 之
[2025-04-28T06:29:31.790Z] [INFO] 识别分类: ②合同被宣告无效
[2025-04-28T06:29:31.790Z] [INFO] 识别分类: 合同成立型的
[2025-04-28T06:29:31.790Z] [INFO] 识别分类: 缔约过失责任
[2025-04-28T06:29:31.790Z] [INFO] 识别分类: 赔偿范围
[2025-04-28T06:29:31.790Z] [INFO] 识别分类: 要约和要约邀请的区别
[2025-04-28T06:29:31.790Z] [INFO] 识别分类: 要约邀请
[2025-04-28T06:29:31.790Z] [INFO] 识别分类: 商业广告和宣传
[2025-04-28T06:29:31.790Z] [INFO] 识别分类: 类型
[2025-04-28T06:29:31.791Z] [INFO] 识别分类: 要
[2025-04-28T06:29:31.791Z] [INFO] 识别分类: 约
[2025-04-28T06:29:31.791Z] [INFO] 识别分类: 要
[2025-04-28T06:29:31.791Z] [INFO] 识别分类: 约
[2025-04-28T06:29:31.791Z] [INFO] 识别分类: 和
[2025-04-28T06:29:31.791Z] [INFO] 识别分类: 承
[2025-04-28T06:29:31.791Z] [INFO] 识别分类: 诺
[2025-04-28T06:29:31.791Z] [INFO] 识别分类: 履行治愈规则
[2025-04-28T06:29:31.792Z] [INFO] 识别分类: 承
[2025-04-28T06:29:31.792Z] [INFO] 识别分类: 合
[2025-04-28T06:29:31.792Z] [INFO] 识别分类: 诺
[2025-04-28T06:29:31.792Z] [INFO] 识别分类: 同
[2025-04-28T06:29:31.792Z] [INFO] 识别分类: 承诺迟延的效力
[2025-04-28T06:29:31.792Z] [INFO] 识别分类: 的
[2025-04-28T06:29:31.792Z] [INFO] 识别分类: 订
[2025-04-28T06:29:31.792Z] [INFO] 识别分类: 立
[2025-04-28T06:29:31.793Z] [INFO] 识别分类: 承诺迟到的效力
[2025-04-28T06:29:31.793Z] [INFO] 识别分类: 履行治愈规则
[2025-04-28T06:29:31.793Z] [INFO] 识别分类: 同，自承诺到达时成立
[2025-04-28T06:29:31.793Z] [INFO] 识别分类: 人、非法人组织发生效力
[2025-04-28T06:29:31.793Z] [INFO] 识别分类: 合同订立
[2025-04-28T06:29:31.793Z] [INFO] 识别分类: 民
[2025-04-28T06:29:31.793Z] [INFO] 识别分类: 的时间
[2025-04-28T06:29:31.793Z] [INFO] 识别分类: 法
[2025-04-28T06:29:31.793Z] [INFO] 识别分类: 合
[2025-04-28T06:29:31.794Z] [INFO] 识别分类: 同
[2025-04-28T06:29:31.794Z] [INFO] 识别分类: 总
[2025-04-28T06:29:31.794Z] [INFO] 识别分类: 编
[2025-04-28T06:29:31.794Z] [INFO] 识别分类: 含义
[2025-04-28T06:29:31.794Z] [INFO] 识别分类: 格式条款
[2025-04-28T06:29:31.794Z] [INFO] 识别分类: 法律后果
[2025-04-28T06:29:31.794Z] [INFO] 识别分类: 合同的履行
[2025-04-28T06:29:31.795Z] [INFO] 识别分类: 成立时间
[2025-04-28T06:29:31.795Z] [INFO] 识别分类: 电子合同
[2025-04-28T06:29:31.795Z] [INFO] 识别分类: 不真正利益第三人合同
[2025-04-28T06:29:31.795Z] [INFO] 识别分类: 真正利益第三人合同
[2025-04-28T06:29:31.795Z] [INFO] 识别分类: 涉他合同
[2025-04-28T06:29:31.795Z] [INFO] 识别分类: 的履行
[2025-04-28T06:29:31.795Z] [INFO] 识别分类: 构成要件
[2025-04-28T06:29:31.796Z] [INFO] 识别分类: 合
[2025-04-28T06:29:31.796Z] [INFO] 识别分类: 拒绝权
[2025-04-28T06:29:31.796Z] [INFO] 识别分类: 同
[2025-04-28T06:29:31.796Z] [INFO] 识别分类: 的
[2025-04-28T06:29:31.796Z] [INFO] 识别分类: 第三人代为
[2025-04-28T06:29:31.796Z] [INFO] 识别分类: 履
[2025-04-28T06:29:31.796Z] [INFO] 识别分类: 履行
[2025-04-28T06:29:31.796Z] [INFO] 识别分类: 行
[2025-04-28T06:29:31.797Z] [INFO] 识别分类: 有同时履行抗辩权
[2025-04-28T06:29:31.797Z] [INFO] 识别分类: 双
[2025-04-28T06:29:31.797Z] [INFO] 识别分类: 务
[2025-04-28T06:29:31.797Z] [INFO] 识别分类: 合
[2025-04-28T06:29:31.797Z] [INFO] 识别分类: 同
[2025-04-28T06:29:31.797Z] [INFO] 识别分类: 有
[2025-04-28T06:29:31.798Z] [INFO] 识别分类: 履
[2025-04-28T06:29:31.798Z] [INFO] 识别分类: 先
[2025-04-28T06:29:31.798Z] [INFO] 识别分类: 行
[2025-04-28T06:29:31.798Z] [INFO] 识别分类: 后
[2025-04-28T06:29:31.798Z] [INFO] 识别分类: 中
[2025-04-28T06:29:31.798Z] [INFO] 识别分类: 不安抗辩权
[2025-04-28T06:29:31.798Z] [INFO] 识别分类: 抗
[2025-04-28T06:29:31.798Z] [INFO] 识别分类: 权
[2025-04-28T06:29:31.799Z] [INFO] 识别分类: 则
[2025-04-28T06:29:31.799Z] [INFO] 识别分类: 编
[2025-04-28T06:29:31.799Z] [INFO] 识别分类: 权，除非构成根本违约
[2025-04-28T06:29:31.799Z] [INFO] 识别分类: 债
[2025-04-28T06:29:31.799Z] [INFO] 识别分类: 权
[2025-04-28T06:29:31.799Z] [INFO] 识别分类: 或诉或裁才不算怠于
[2025-04-28T06:29:31.799Z] [INFO] 识别分类: 合
[2025-04-28T06:29:31.799Z] [INFO] 识别分类: 同
[2025-04-28T06:29:31.800Z] [INFO] 识别分类: 的
[2025-04-28T06:29:31.800Z] [INFO] 识别分类: 保
[2025-04-28T06:29:31.800Z] [INFO] 识别分类: 均发生诉讼时效中断
[2025-04-28T06:29:31.800Z] [INFO] 识别分类: 法律效果
[2025-04-28T06:29:31.800Z] [INFO] 识别分类: 代位保存权
[2025-04-28T06:29:31.800Z] [INFO] 识别分类: 债
[2025-04-28T06:29:31.801Z] [INFO] 识别分类: 权
[2025-04-28T06:29:31.801Z] [INFO] 识别分类: 人
[2025-04-28T06:29:31.801Z] [INFO] 识别分类: 代
[2025-04-28T06:29:31.801Z] [INFO] 识别分类: 位
[2025-04-28T06:29:31.801Z] [INFO] 识别分类: 权
[2025-04-28T06:29:31.801Z] [INFO] 识别分类: 代
[2025-04-28T06:29:31.801Z] [INFO] 识别分类: 位
[2025-04-28T06:29:31.802Z] [INFO] 识别分类: 权
[2025-04-28T06:29:31.802Z] [INFO] 识别分类: 诉
[2025-04-28T06:29:31.802Z] [INFO] 识别分类: 位
[2025-04-28T06:29:31.802Z] [INFO] 识别分类: 新
[2025-04-28T06:29:31.802Z] [INFO] 识别分类: 增
[2025-04-28T06:29:31.802Z] [INFO] 识别分类: 讼
[2025-04-28T06:29:31.803Z] [INFO] 识别分类: 提起代位权诉讼
[2025-04-28T06:29:31.803Z] [INFO] 识别分类: 代位权不成立的处理
[2025-04-28T06:29:31.803Z] [INFO] 识别分类: 合
[2025-04-28T06:29:31.803Z] [INFO] 识别分类: 法
[2025-04-28T06:29:31.803Z] [INFO] 识别分类: 的
[2025-04-28T06:29:31.803Z] [INFO] 识别分类: 同
[2025-04-28T06:29:31.803Z] [INFO] 识别分类: 全
[2025-04-28T06:29:31.804Z] [INFO] 识别分类: 的限制
[2025-04-28T06:29:31.804Z] [INFO] 识别分类: 总
[2025-04-28T06:29:31.804Z] [INFO] 识别分类: 则
[2025-04-28T06:29:31.804Z] [INFO] 识别分类: 编
[2025-04-28T06:29:31.804Z] [INFO] 识别分类: 客观上，债务人
[2025-04-28T06:29:31.804Z] [INFO] 识别分类: 放弃到期债权
[2025-04-28T06:29:31.804Z] [INFO] 识别分类: 为代位诉讼清除障碍
[2025-04-28T06:29:31.805Z] [INFO] 识别分类: 债
[2025-04-28T06:29:31.805Z] [INFO] 识别分类: 放弃未到期债权
[2025-04-28T06:29:31.805Z] [INFO] 识别分类: 权
[2025-04-28T06:29:31.805Z] [INFO] 识别分类: 人
[2025-04-28T06:29:31.805Z] [INFO] 识别分类: 条
[2025-04-28T06:29:31.805Z] [INFO] 识别分类: 销
[2025-04-28T06:29:31.805Z] [INFO] 识别分类: 件
[2025-04-28T06:29:31.805Z] [INFO] 识别分类: 权
[2025-04-28T06:29:31.806Z] [INFO] 识别分类: 具
[2025-04-28T06:29:31.806Z] [INFO] 识别分类: 体
[2025-04-28T06:29:31.806Z] [INFO] 识别分类: 恶意延长到期债权的履行期
[2025-04-28T06:29:31.806Z] [INFO] 识别分类: 撤
[2025-04-28T06:29:31.806Z] [INFO] 识别分类: 诉
[2025-04-28T06:29:31.806Z] [INFO] 识别分类: 只能诉讼
[2025-04-28T06:29:31.806Z] [INFO] 识别分类: 诉
[2025-04-28T06:29:31.807Z] [INFO] 识别分类: 管辖
[2025-04-28T06:29:31.807Z] [INFO] 识别分类: 讼
[2025-04-28T06:29:31.807Z] [INFO] 识别分类: 效力范围
[2025-04-28T06:29:31.807Z] [INFO] 识别分类: 债
[2025-04-28T06:29:31.807Z] [INFO] 识别分类: 权
[2025-04-28T06:29:31.807Z] [INFO] 识别分类: 人
[2025-04-28T06:29:31.807Z] [INFO] 识别分类: 债务人和受让人的行为自始无效
[2025-04-28T06:29:31.807Z] [INFO] 识别分类: 的
[2025-04-28T06:29:31.807Z] [INFO] 识别分类: 撤
[2025-04-28T06:29:31.808Z] [INFO] 识别分类: 法律效果
[2025-04-28T06:29:31.808Z] [INFO] 识别分类: 合
[2025-04-28T06:29:31.808Z] [INFO] 识别分类: 销
[2025-04-28T06:29:31.808Z] [INFO] 识别分类: 权
[2025-04-28T06:29:31.808Z] [INFO] 识别分类: 的
[2025-04-28T06:29:31.808Z] [INFO] 识别分类: 保
[2025-04-28T06:29:31.808Z] [INFO] 识别分类: 代表人、代理人与相对人
[2025-04-28T06:29:31.808Z] [INFO] 识别分类: 恶意串通的合同效力
[2025-04-28T06:29:31.809Z] [INFO] 识别分类: 双重除斥期间限制
[2025-04-28T06:29:31.809Z] [INFO] 识别分类: 民
[2025-04-28T06:29:31.809Z] [INFO] 识别分类: 法
[2025-04-28T06:29:31.809Z] [INFO] 识别分类: 合
[2025-04-28T06:29:31.809Z] [INFO] 识别分类: 效
[2025-04-28T06:29:31.809Z] [INFO] 识别分类: 同
[2025-04-28T06:29:31.809Z] [INFO] 识别分类: 总
[2025-04-28T06:29:31.810Z] [INFO] 识别分类: 件
[2025-04-28T06:29:31.810Z] [INFO] 识别分类: 则
[2025-04-28T06:29:31.810Z] [INFO] 识别分类: 编
[2025-04-28T06:29:31.810Z] [INFO] 识别分类: 内部效力
[2025-04-28T06:29:31.810Z] [INFO] 识别分类: 债权让与的
[2025-04-28T06:29:31.810Z] [INFO] 识别分类: 法律效力
[2025-04-28T06:29:31.810Z] [INFO] 识别分类: 债
[2025-04-28T06:29:31.810Z] [INFO] 识别分类: 合
[2025-04-28T06:29:31.811Z] [INFO] 识别分类: 外
[2025-04-28T06:29:31.811Z] [INFO] 识别分类: 权
[2025-04-28T06:29:31.811Z] [INFO] 识别分类: 同
[2025-04-28T06:29:31.811Z] [INFO] 识别分类: 部
[2025-04-28T06:29:31.811Z] [INFO] 识别分类: 让
[2025-04-28T06:29:31.811Z] [INFO] 识别分类: 抗辩权转移
[2025-04-28T06:29:31.811Z] [INFO] 识别分类: 的
[2025-04-28T06:29:31.811Z] [INFO] 识别分类: 效
[2025-04-28T06:29:31.812Z] [INFO] 识别分类: 与
[2025-04-28T06:29:31.812Z] [INFO] 识别分类: 变
[2025-04-28T06:29:31.812Z] [INFO] 识别分类: 力
[2025-04-28T06:29:31.812Z] [INFO] 识别分类: 与
[2025-04-28T06:29:31.812Z] [INFO] 识别分类: 转
[2025-04-28T06:29:31.812Z] [INFO] 识别分类: 让
[2025-04-28T06:29:31.812Z] [INFO] 识别分类: 法院可以追加非必须
[2025-04-28T06:29:31.812Z] [INFO] 识别分类: 生效要件
[2025-04-28T06:29:31.813Z] [INFO] 识别分类: 债
[2025-04-28T06:29:31.813Z] [INFO] 识别分类: 的债务承担
[2025-04-28T06:29:31.813Z] [INFO] 识别分类: 方
[2025-04-28T06:29:31.813Z] [INFO] 识别分类: 承
[2025-04-28T06:29:31.813Z] [INFO] 识别分类: 式
[2025-04-28T06:29:31.813Z] [INFO] 识别分类: 担
[2025-04-28T06:29:31.813Z] [INFO] 识别分类: 合
[2025-04-28T06:29:31.813Z] [INFO] 识别分类: 同
[2025-04-28T06:29:31.814Z] [INFO] 识别分类: 修
[2025-04-28T06:29:31.814Z] [INFO] 识别分类: 变
[2025-04-28T06:29:31.814Z] [INFO] 识别分类: 内和债务人承担连带责任
[2025-04-28T06:29:31.814Z] [INFO] 识别分类: 更
[2025-04-28T06:29:31.815Z] [INFO] 识别分类: 与
[2025-04-28T06:29:31.815Z] [INFO] 识别分类: 让
[2025-04-28T06:29:31.815Z] [INFO] 识别分类: 并存的债务承担
[2025-04-28T06:29:31.815Z] [INFO] 识别分类: 债权债务的概括承受
[2025-04-28T06:29:31.815Z] [INFO] 识别分类: 达成以物抵债协议，原债权债务
[2025-04-28T06:29:31.815Z] [INFO] 识别分类: 民
[2025-04-28T06:29:31.815Z] [INFO] 识别分类: 不会消灭，债权人享有选择权
[2025-04-28T06:29:31.815Z] [INFO] 识别分类: 法
[2025-04-28T06:29:31.815Z] [INFO] 识别分类: 合
[2025-04-28T06:29:31.816Z] [INFO] 识别分类: 同
[2025-04-28T06:29:31.816Z] [INFO] 识别分类: 总
[2025-04-28T06:29:31.816Z] [INFO] 识别分类: 清
[2025-04-28T06:29:31.816Z] [INFO] 识别分类: 则
[2025-04-28T06:29:31.816Z] [INFO] 识别分类: 偿
[2025-04-28T06:29:31.816Z] [INFO] 识别分类: 清偿抵充
[2025-04-28T06:29:31.816Z] [INFO] 识别分类: 编
[2025-04-28T06:29:31.817Z] [INFO] 识别分类: 双方解除
[2025-04-28T06:29:31.817Z] [INFO] 识别分类: 合
[2025-04-28T06:29:31.817Z] [INFO] 识别分类: 同
[2025-04-28T06:29:31.817Z] [INFO] 识别分类: 的
[2025-04-28T06:29:31.817Z] [INFO] 识别分类: 权
[2025-04-28T06:29:31.817Z] [INFO] 识别分类: 利
[2025-04-28T06:29:31.817Z] [INFO] 识别分类: 和
[2025-04-28T06:29:31.817Z] [INFO] 识别分类: 义
[2025-04-28T06:29:31.818Z] [INFO] 识别分类: 务
[2025-04-28T06:29:31.818Z] [INFO] 识别分类: 终
[2025-04-28T06:29:31.818Z] [INFO] 识别分类: 合
[2025-04-28T06:29:31.818Z] [INFO] 识别分类: 同
[2025-04-28T06:29:31.818Z] [INFO] 识别分类: 解
[2025-04-28T06:29:31.818Z] [INFO] 识别分类: 表明不履行主要债务
[2025-04-28T06:29:31.818Z] [INFO] 识别分类: 除
[2025-04-28T06:29:31.818Z] [INFO] 识别分类: 非违约方可解除，
[2025-04-28T06:29:31.819Z] [INFO] 识别分类: 追究违约责任
[2025-04-28T06:29:31.819Z] [INFO] 识别分类: 一般法定解除权
[2025-04-28T06:29:31.819Z] [INFO] 识别分类: 致使不能实现合同目的
[2025-04-28T06:29:31.819Z] [INFO] 识别分类: 除条款的适用，该约定无效
[2025-04-28T06:29:31.819Z] [INFO] 识别分类: 法
[2025-04-28T06:29:31.819Z] [INFO] 识别分类: 定
[2025-04-28T06:29:31.819Z] [INFO] 识别分类: 解
[2025-04-28T06:29:31.819Z] [INFO] 识别分类: 除
[2025-04-28T06:29:31.820Z] [INFO] 识别分类: 权
[2025-04-28T06:29:31.820Z] [INFO] 识别分类: 委托合同双方
[2025-04-28T06:29:31.820Z] [INFO] 识别分类: 行权导致对方损害
[2025-04-28T06:29:31.820Z] [INFO] 识别分类: 行纪合同双方
[2025-04-28T06:29:31.820Z] [INFO] 识别分类: 的，应当依法赔偿
[2025-04-28T06:29:31.820Z] [INFO] 识别分类: 特殊法定解除权
[2025-04-28T06:29:31.820Z] [INFO] 识别分类: 肖像许可使用合同的双方
[2025-04-28T06:29:31.820Z] [INFO] 识别分类: 简单形成权
[2025-04-28T06:29:31.821Z] [INFO] 识别分类: 解
[2025-04-28T06:29:31.821Z] [INFO] 识别分类: 除
[2025-04-28T06:29:31.821Z] [INFO] 识别分类: 权
[2025-04-28T06:29:31.821Z] [INFO] 识别分类: 的
[2025-04-28T06:29:31.821Z] [INFO] 识别分类: 行
[2025-04-28T06:29:31.821Z] [INFO] 识别分类: 使
[2025-04-28T06:29:31.821Z] [INFO] 识别分类: 或者仲裁机构确认协议效力
[2025-04-28T06:29:31.822Z] [INFO] 识别分类: 行
[2025-04-28T06:29:31.822Z] [INFO] 识别分类: 一般情形
[2025-04-28T06:29:31.822Z] [INFO] 识别分类: 合同自通知到对方后解除
[2025-04-28T06:29:31.822Z] [INFO] 识别分类: 使
[2025-04-28T06:29:31.822Z] [INFO] 识别分类: 方
[2025-04-28T06:29:31.822Z] [INFO] 识别分类: 自动解除
[2025-04-28T06:29:31.822Z] [INFO] 识别分类: 式
[2025-04-28T06:29:31.822Z] [INFO] 识别分类: 是否过诉讼时效，非抵消障碍
[2025-04-28T06:29:31.823Z] [INFO] 识别分类: 构成要件
[2025-04-28T06:29:31.823Z] [INFO] 识别分类: 合
[2025-04-28T06:29:31.823Z] [INFO] 识别分类: 按照无溯及力说
[2025-04-28T06:29:31.823Z] [INFO] 识别分类: 同
[2025-04-28T06:29:31.823Z] [INFO] 识别分类: 解
[2025-04-28T06:29:31.823Z] [INFO] 识别分类: 法
[2025-04-28T06:29:31.823Z] [INFO] 识别分类: 合
[2025-04-28T06:29:31.824Z] [INFO] 识别分类: 抵
[2025-04-28T06:29:31.824Z] [INFO] 识别分类: 定
[2025-04-28T06:29:31.824Z] [INFO] 识别分类: 同
[2025-04-28T06:29:31.824Z] [INFO] 识别分类: 銷
[2025-04-28T06:29:31.824Z] [INFO] 识别分类: 解
[2025-04-28T06:29:31.824Z] [INFO] 识别分类: 的
[2025-04-28T06:29:31.824Z] [INFO] 识别分类: 除
[2025-04-28T06:29:31.824Z] [INFO] 识别分类: 权
[2025-04-28T06:29:31.825Z] [INFO] 识别分类: 权
[2025-04-28T06:29:31.825Z] [INFO] 识别分类: 利
[2025-04-28T06:29:31.825Z] [INFO] 识别分类: 和
[2025-04-28T06:29:31.825Z] [INFO] 识别分类: 偿债务，债权人不得主张抵销
[2025-04-28T06:29:31.825Z] [INFO] 识别分类: 义
[2025-04-28T06:29:31.825Z] [INFO] 识别分类: 务
[2025-04-28T06:29:31.825Z] [INFO] 识别分类: 终
[2025-04-28T06:29:31.825Z] [INFO] 识别分类: 止
[2025-04-28T06:29:31.826Z] [INFO] 识别分类: 提
[2025-04-28T06:29:31.826Z] [INFO] 识别分类: 存
[2025-04-28T06:29:31.826Z] [INFO] 识别分类: 民
[2025-04-28T06:29:31.826Z] [INFO] 识别分类: 合
[2025-04-28T06:29:31.826Z] [INFO] 识别分类: 总
[2025-04-28T06:29:31.826Z] [INFO] 识别分类: 则
[2025-04-28T06:29:31.826Z] [INFO] 识别分类: 的，应当向债务人承担赔偿责任
[2025-04-28T06:29:31.826Z] [INFO] 识别分类: 提存部门
[2025-04-28T06:29:31.827Z] [INFO] 识别分类: 编
[2025-04-28T06:29:31.827Z] [INFO] 识别分类: 提存物的
[2025-04-28T06:29:31.827Z] [INFO] 识别分类: 领取权
[2025-04-28T06:29:31.827Z] [INFO] 识别分类: 特征
[2025-04-28T06:29:31.827Z] [INFO] 识别分类: 性质
[2025-04-28T06:29:31.827Z] [INFO] 识别分类: 违约责任
[2025-04-28T06:29:31.827Z] [INFO] 识别分类: 违约的基本原
[2025-04-28T06:29:31.828Z] [INFO] 识别分类: 归责原则
[2025-04-28T06:29:31.828Z] [INFO] 识别分类: 构成要件
[2025-04-28T06:29:31.828Z] [INFO] 识别分类: 预期违约
[2025-04-28T06:29:31.828Z] [INFO] 识别分类: 实际违约
[2025-04-28T06:29:31.828Z] [INFO] 识别分类: 不适当履行
[2025-04-28T06:29:31.828Z] [INFO] 识别分类: 部分履行
[2025-04-28T06:29:31.828Z] [INFO] 识别分类: 迟延履行
[2025-04-28T06:29:31.829Z] [INFO] 识别分类: 违
[2025-04-28T06:29:31.829Z] [INFO] 识别分类: 约
[2025-04-28T06:29:31.829Z] [INFO] 识别分类: 责
[2025-04-28T06:29:31.829Z] [INFO] 识别分类: 任
[2025-04-28T06:29:31.829Z] [INFO] 识别分类: 例
[2025-04-28T06:29:31.829Z] [INFO] 识别分类: 违约方非恶意
[2025-04-28T06:29:31.829Z] [INFO] 识别分类: 违
[2025-04-28T06:29:31.829Z] [INFO] 识别分类: 约
[2025-04-28T06:29:31.830Z] [INFO] 识别分类: 责
[2025-04-28T06:29:31.830Z] [INFO] 识别分类: 任
[2025-04-28T06:29:31.830Z] [INFO] 识别分类: 的
[2025-04-28T06:29:31.830Z] [INFO] 识别分类: 五
[2025-04-28T06:29:31.830Z] [INFO] 识别分类: 种
[2025-04-28T06:29:31.830Z] [INFO] 识别分类: 形
[2025-04-28T06:29:31.830Z] [INFO] 识别分类: 式
[2025-04-28T06:29:31.830Z] [INFO] 识别分类: 民
[2025-04-28T06:29:31.830Z] [INFO] 识别分类: 限额性
[2025-04-28T06:29:31.831Z] [INFO] 识别分类: 法
[2025-04-28T06:29:31.831Z] [INFO] 识别分类: 合
[2025-04-28T06:29:31.831Z] [INFO] 识别分类: 同
[2025-04-28T06:29:31.831Z] [INFO] 识别分类: 总
[2025-04-28T06:29:31.831Z] [INFO] 识别分类: 定
[2025-04-28T06:29:31.831Z] [INFO] 识别分类: 则
[2025-04-28T06:29:31.831Z] [INFO] 识别分类: 金
[2025-04-28T06:29:31.832Z] [INFO] 识别分类: 编
[2025-04-28T06:29:31.832Z] [INFO] 识别分类: (
[2025-04-28T06:29:31.832Z] [INFO] 识别分类: 定
[2025-04-28T06:29:31.832Z] [INFO] 识别分类: 保
[2025-04-28T06:29:31.832Z] [INFO] 识别分类: )
[2025-04-28T06:29:31.832Z] [INFO] 识别分类: 金
[2025-04-28T06:29:31.832Z] [INFO] 识别分类: 罚
[2025-04-28T06:29:31.832Z] [INFO] 识别分类: 则
[2025-04-28T06:29:31.833Z] [INFO] 识别分类: 合同分则
[2025-04-28T06:29:31.833Z] [INFO] 识别分类: 买卖合同的基本原理
[2025-04-28T06:29:31.833Z] [INFO] 识别分类: 主给付义务
[2025-04-28T06:29:31.833Z] [INFO] 识别分类: 义务
[2025-04-28T06:29:31.833Z] [INFO] 识别分类: 权利和义务
[2025-04-28T06:29:31.833Z] [INFO] 识别分类: 从给付
[2025-04-28T06:29:31.833Z] [INFO] 识别分类: 业务
[2025-04-28T06:29:31.833Z] [INFO] 识别分类: 从给付义务违反不影响风险转移
[2025-04-28T06:29:31.833Z] [INFO] 识别分类: 从给付义务违反不构成重大误解
[2025-04-28T06:29:31.834Z] [INFO] 识别分类: 原则上有约从约
[2025-04-28T06:29:31.834Z] [INFO] 识别分类: 买
[2025-04-28T06:29:31.834Z] [INFO] 识别分类: 卖
[2025-04-28T06:29:31.834Z] [INFO] 识别分类: 谁占有谁承担风险
[2025-04-28T06:29:31.834Z] [INFO] 识别分类: 合
[2025-04-28T06:29:31.834Z] [INFO] 识别分类: 同
[2025-04-28T06:29:31.834Z] [INFO] 识别分类: 的
[2025-04-28T06:29:31.834Z] [INFO] 识别分类: 风
[2025-04-28T06:29:31.835Z] [INFO] 识别分类: 根本违约
[2025-04-28T06:29:31.835Z] [INFO] 识别分类: 险
[2025-04-28T06:29:31.835Z] [INFO] 识别分类: 负
[2025-04-28T06:29:31.835Z] [INFO] 识别分类: 例
[2025-04-28T06:29:31.835Z] [INFO] 识别分类: 担
[2025-04-28T06:29:31.835Z] [INFO] 识别分类: 外
[2025-04-28T06:29:31.835Z] [INFO] 识别分类: 原则
[2025-04-28T06:29:31.836Z] [INFO] 识别分类: 风险承担不影响违约责任
[2025-04-28T06:29:31.836Z] [INFO] 识别分类: 风险负担和违约责任
[2025-04-28T06:29:31.836Z] [INFO] 识别分类: 从给付的违反，不影响风险转移
[2025-04-28T06:29:31.836Z] [INFO] 识别分类: 买
[2025-04-28T06:29:31.836Z] [INFO] 识别分类: 风险承担
[2025-04-28T06:29:31.836Z] [INFO] 识别分类: 出卖人承担
[2025-04-28T06:29:31.836Z] [INFO] 识别分类: 卖
[2025-04-28T06:29:31.836Z] [INFO] 识别分类: 合
[2025-04-28T06:29:31.837Z] [INFO] 识别分类: 合
[2025-04-28T06:29:31.837Z] [INFO] 识别分类: 同
[2025-04-28T06:29:31.837Z] [INFO] 识别分类: 同
[2025-04-28T06:29:31.837Z] [INFO] 识别分类: 分
[2025-04-28T06:29:31.837Z] [INFO] 识别分类: 编
[2025-04-28T06:29:31.837Z] [INFO] 识别分类: 视为购买情形
[2025-04-28T06:29:31.837Z] [INFO] 识别分类: 不动产不适用所有权保留
[2025-04-28T06:29:31.837Z] [INFO] 识别分类: 三
[2025-04-28T06:29:31.837Z] [INFO] 识别分类: 种
[2025-04-28T06:29:31.838Z] [INFO] 识别分类: 特
[2025-04-28T06:29:31.838Z] [INFO] 识别分类: 种
[2025-04-28T06:29:31.838Z] [INFO] 识别分类: 买
[2025-04-28T06:29:31.838Z] [INFO] 识别分类: 卖
[2025-04-28T06:29:31.838Z] [INFO] 识别分类: 合
[2025-04-28T06:29:31.838Z] [INFO] 识别分类: 动产所有权
[2025-04-28T06:29:31.838Z] [INFO] 识别分类: 同
[2025-04-28T06:29:31.838Z] [INFO] 识别分类: 同
[2025-04-28T06:29:31.839Z] [INFO] 识别分类: 行权事由
[2025-04-28T06:29:31.839Z] [INFO] 识别分类: 回赎权
[2025-04-28T06:29:31.839Z] [INFO] 识别分类: 解除权
[2025-04-28T06:29:31.839Z] [INFO] 识别分类: 不动产一物数卖
[2025-04-28T06:29:31.839Z] [INFO] 识别分类: 不关心支付价款的比例
[2025-04-28T06:29:31.839Z] [INFO] 识别分类: 一物数卖
[2025-04-28T06:29:31.839Z] [INFO] 识别分类: 动产一物数卖
[2025-04-28T06:29:31.840Z] [INFO] 识别分类: 单务合同、无偿合同
[2025-04-28T06:29:31.840Z] [INFO] 识别分类: 性质
[2025-04-28T06:29:31.840Z] [INFO] 识别分类: 赠与合同的
[2025-04-28T06:29:31.840Z] [INFO] 识别分类: 基本原理
[2025-04-28T06:29:31.840Z] [INFO] 识别分类: 经过公证的赠与合同
[2025-04-28T06:29:31.840Z] [INFO] 识别分类: 例
[2025-04-28T06:29:31.840Z] [INFO] 识别分类: 外
[2025-04-28T06:29:31.841Z] [INFO] 识别分类: 效果
[2025-04-28T06:29:31.841Z] [INFO] 识别分类: 不再履行
[2025-04-28T06:29:31.841Z] [INFO] 识别分类: 法定情形
[2025-04-28T06:29:31.841Z] [INFO] 识别分类: 忘恩负义
[2025-04-28T06:29:31.841Z] [INFO] 识别分类: 法
[2025-04-28T06:29:31.841Z] [INFO] 识别分类: 赠
[2025-04-28T06:29:31.841Z] [INFO] 识别分类: 定
[2025-04-28T06:29:31.841Z] [INFO] 识别分类: 与
[2025-04-28T06:29:31.842Z] [INFO] 识别分类: 撤
[2025-04-28T06:29:31.842Z] [INFO] 识别分类: 合
[2025-04-28T06:29:31.842Z] [INFO] 识别分类: 销
[2025-04-28T06:29:31.842Z] [INFO] 识别分类: 同
[2025-04-28T06:29:31.842Z] [INFO] 识别分类: 权
[2025-04-28T06:29:31.842Z] [INFO] 识别分类: 行权
[2025-04-28T06:29:31.842Z] [INFO] 识别分类: 赠与合同成立并生效
[2025-04-28T06:29:31.843Z] [INFO] 识别分类: 合同尚未履行完毕
[2025-04-28T06:29:31.843Z] [INFO] 识别分类: 合
[2025-04-28T06:29:31.843Z] [INFO] 识别分类: 受赠人请求赠与人继续履行合同
[2025-04-28T06:29:31.843Z] [INFO] 识别分类: 同
[2025-04-28T06:29:31.843Z] [INFO] 识别分类: 编
[2025-04-28T06:29:31.843Z] [INFO] 识别分类: 权利
[2025-04-28T06:29:31.843Z] [INFO] 识别分类: 贷款人的权利和义务
[2025-04-28T06:29:31.843Z] [INFO] 识别分类: 基
[2025-04-28T06:29:31.843Z] [INFO] 识别分类: 义务
[2025-04-28T06:29:31.844Z] [INFO] 识别分类: 本
[2025-04-28T06:29:31.844Z] [INFO] 识别分类: 原
[2025-04-28T06:29:31.844Z] [INFO] 识别分类: 理
[2025-04-28T06:29:31.844Z] [INFO] 识别分类: 提供借款时合同成立
[2025-04-28T06:29:31.844Z] [INFO] 识别分类: 自然人之间的借贷合同
[2025-04-28T06:29:31.844Z] [INFO] 识别分类: 不影响逾期利息
[2025-04-28T06:29:31.844Z] [INFO] 识别分类: 借
[2025-04-28T06:29:31.844Z] [INFO] 识别分类: 款
[2025-04-28T06:29:31.844Z] [INFO] 识别分类: 合
[2025-04-28T06:29:31.845Z] [INFO] 识别分类: 同
[2025-04-28T06:29:31.845Z] [INFO] 识别分类: 让与担保合同本身合法有效
[2025-04-28T06:29:31.845Z] [INFO] 识别分类: 原则公益设施，担保合同无效
[2025-04-28T06:29:31.845Z] [INFO] 识别分类: 基
[2025-04-28T06:29:31.845Z] [INFO] 识别分类: 物的担保
[2025-04-28T06:29:31.845Z] [INFO] 识别分类: 原
[2025-04-28T06:29:31.845Z] [INFO] 识别分类: 人的担保
[2025-04-28T06:29:31.845Z] [INFO] 识别分类: 理
[2025-04-28T06:29:31.845Z] [INFO] 识别分类: 保证人的限制
[2025-04-28T06:29:31.846Z] [INFO] 识别分类: 机关法人
[2025-04-28T06:29:31.846Z] [INFO] 识别分类: 不得作为保证人
[2025-04-28T06:29:31.846Z] [INFO] 识别分类: 单独书面保证合同
[2025-04-28T06:29:31.846Z] [INFO] 识别分类: 主合同有保证条款，保证人签名
[2025-04-28T06:29:31.846Z] [INFO] 识别分类: 保证合同的订立方式
[2025-04-28T06:29:31.846Z] [INFO] 识别分类: 识别
[2025-04-28T06:29:31.846Z] [INFO] 识别分类: 一般
[2025-04-28T06:29:31.846Z] [INFO] 识别分类: 含义
[2025-04-28T06:29:31.846Z] [INFO] 识别分类: 先诉抗辩
[2025-04-28T06:29:31.846Z] [INFO] 识别分类: 本质是债务人丧失偿债能力
[2025-04-28T06:29:31.846Z] [INFO] 识别分类: 债务人下落不明、无财产可执行
[2025-04-28T06:29:31.847Z] [INFO] 识别分类: 保
[2025-04-28T06:29:31.847Z] [INFO] 识别分类: 抗辩权的
[2025-04-28T06:29:31.847Z] [INFO] 识别分类: 证
[2025-04-28T06:29:31.847Z] [INFO] 识别分类: 丧失情况
[2025-04-28T06:29:31.847Z] [INFO] 识别分类: 方
[2025-04-28T06:29:31.847Z] [INFO] 识别分类: 保
[2025-04-28T06:29:31.847Z] [INFO] 识别分类: 式
[2025-04-28T06:29:31.847Z] [INFO] 识别分类: 证
[2025-04-28T06:29:31.848Z] [INFO] 识别分类: 保证人书面放弃先诉抗辩权
[2025-04-28T06:29:31.848Z] [INFO] 识别分类: 合
[2025-04-28T06:29:31.848Z] [INFO] 识别分类: 同
[2025-04-28T06:29:31.848Z] [INFO] 识别分类: 合
[2025-04-28T06:29:31.848Z] [INFO] 识别分类: 同
[2025-04-28T06:29:31.848Z] [INFO] 识别分类: 承担责任无先后顺序
[2025-04-28T06:29:31.848Z] [INFO] 识别分类: 连带责任保证
[2025-04-28T06:29:31.848Z] [INFO] 识别分类: 编
[2025-04-28T06:29:31.848Z] [INFO] 识别分类: 增加
[2025-04-28T06:29:31.848Z] [INFO] 识别分类: 数额
[2025-04-28T06:29:31.848Z] [INFO] 识别分类: 减少
[2025-04-28T06:29:31.848Z] [INFO] 识别分类: 主合同内容的变更
[2025-04-28T06:29:31.849Z] [INFO] 识别分类: 延长
[2025-04-28T06:29:31.849Z] [INFO] 识别分类: 保
[2025-04-28T06:29:31.849Z] [INFO] 识别分类: 履行期限
[2025-04-28T06:29:31.849Z] [INFO] 识别分类: 证
[2025-04-28T06:29:31.849Z] [INFO] 识别分类: 的
[2025-04-28T06:29:31.849Z] [INFO] 识别分类: 原则
[2025-04-28T06:29:31.849Z] [INFO] 识别分类: 从
[2025-04-28T06:29:31.849Z] [INFO] 识别分类: 属
[2025-04-28T06:29:31.849Z] [INFO] 识别分类: 主债权转让
[2025-04-28T06:29:31.850Z] [INFO] 识别分类: 性
[2025-04-28T06:29:31.850Z] [INFO] 识别分类: 对受让人不再承担保证责任
[2025-04-28T06:29:31.850Z] [INFO] 识别分类: 例外
[2025-04-28T06:29:31.850Z] [INFO] 识别分类: 原则
[2025-04-28T06:29:31.850Z] [INFO] 识别分类: 免责的债务转让
[2025-04-28T06:29:31.850Z] [INFO] 识别分类: 主债务转让
[2025-04-28T06:29:31.850Z] [INFO] 识别分类: 有约从约
[2025-04-28T06:29:31.850Z] [INFO] 识别分类: 保
[2025-04-28T06:29:31.850Z] [INFO] 识别分类: 期限
[2025-04-28T06:29:31.851Z] [INFO] 识别分类: 证
[2025-04-28T06:29:31.851Z] [INFO] 识别分类: 期
[2025-04-28T06:29:31.851Z] [INFO] 识别分类: 间
[2025-04-28T06:29:31.851Z] [INFO] 识别分类: 的法律效果
[2025-04-28T06:29:31.851Z] [INFO] 识别分类: 连带保证
[2025-04-28T06:29:31.851Z] [INFO] 识别分类: 保证人保证债务诉讼时效起算点
[2025-04-28T06:29:31.851Z] [INFO] 识别分类: 连带保证
[2025-04-28T06:29:31.851Z] [INFO] 识别分类: 保证人的权利
[2025-04-28T06:29:31.852Z] [INFO] 识别分类: 间责任方
[2025-04-28T06:29:31.852Z] [INFO] 识别分类: 保
[2025-04-28T06:29:31.852Z] [INFO] 识别分类: 共同保证
[2025-04-28T06:29:31.852Z] [INFO] 识别分类: 式
[2025-04-28T06:29:31.852Z] [INFO] 识别分类: 证
[2025-04-28T06:29:31.852Z] [INFO] 识别分类: 合
[2025-04-28T06:29:31.852Z] [INFO] 识别分类: 同
[2025-04-28T06:29:31.852Z] [INFO] 识别分类: 类
[2025-04-28T06:29:31.853Z] [INFO] 识别分类: 共同物保
[2025-04-28T06:29:31.853Z] [INFO] 识别分类: 型
[2025-04-28T06:29:31.853Z] [INFO] 识别分类: 无顺序限制
[2025-04-28T06:29:31.853Z] [INFO] 识别分类: 不管保证是不是连带保证
[2025-04-28T06:29:31.853Z] [INFO] 识别分类: 共
[2025-04-28T06:29:31.853Z] [INFO] 识别分类: 同
[2025-04-28T06:29:31.853Z] [INFO] 识别分类: 担
[2025-04-28T06:29:31.853Z] [INFO] 识别分类: ★
[2025-04-28T06:29:31.854Z] [INFO] 识别分类: 保
[2025-04-28T06:29:31.854Z] [INFO] 识别分类: 无顺序限制
[2025-04-28T06:29:31.854Z] [INFO] 识别分类: 第三人的物保和保证并存
[2025-04-28T06:29:31.854Z] [INFO] 识别分类: 合
[2025-04-28T06:29:31.854Z] [INFO] 识别分类: 同
[2025-04-28T06:29:31.854Z] [INFO] 识别分类: 分
[2025-04-28T06:29:31.854Z] [INFO] 识别分类: 共同担保人的内部
[2025-04-28T06:29:31.854Z] [INFO] 识别分类: 编
[2025-04-28T06:29:31.854Z] [INFO] 识别分类: 共同担保人互相
[2025-04-28T06:29:31.855Z] [INFO] 识别分类: 知道对方的存在
[2025-04-28T06:29:31.855Z] [INFO] 识别分类: 顺
[2025-04-28T06:29:31.855Z] [INFO] 识别分类: 序
[2025-04-28T06:29:31.855Z] [INFO] 识别分类: 受损失时，向担保人作出清偿
[2025-04-28T06:29:31.855Z] [INFO] 识别分类: 含义
[2025-04-28T06:29:31.855Z] [INFO] 识别分类: 反担保
[2025-04-28T06:29:31.855Z] [INFO] 识别分类: 租赁合同
[2025-04-28T06:29:31.855Z] [INFO] 识别分类: 租赁合同的基本原理
[2025-04-28T06:29:31.856Z] [INFO] 识别分类: 形式
[2025-04-28T06:29:31.856Z] [INFO] 识别分类: 买卖不破
[2025-04-28T06:29:31.856Z] [INFO] 识别分类: 人
[2025-04-28T06:29:31.856Z] [INFO] 识别分类: 权
[2025-04-28T06:29:31.856Z] [INFO] 识别分类: 利
[2025-04-28T06:29:31.856Z] [INFO] 识别分类: 例
[2025-04-28T06:29:31.856Z] [INFO] 识别分类: 优先购买权
[2025-04-28T06:29:31.857Z] [INFO] 识别分类: 外
[2025-04-28T06:29:31.857Z] [INFO] 识别分类: 租
[2025-04-28T06:29:31.857Z] [INFO] 识别分类: 赁
[2025-04-28T06:29:31.857Z] [INFO] 识别分类: 续租权
[2025-04-28T06:29:31.857Z] [INFO] 识别分类: 同
[2025-04-28T06:29:31.857Z] [INFO] 识别分类: 优先承租权
[2025-04-28T06:29:31.857Z] [INFO] 识别分类: 承租人承担赔偿责任
[2025-04-28T06:29:31.857Z] [INFO] 识别分类: 转
[2025-04-28T06:29:31.857Z] [INFO] 识别分类: 租
[2025-04-28T06:29:31.858Z] [INFO] 识别分类: 同
[2025-04-28T06:29:31.858Z] [INFO] 识别分类: 情形
[2025-04-28T06:29:31.858Z] [INFO] 识别分类: 合
[2025-04-28T06:29:31.858Z] [INFO] 识别分类: 一房数租
[2025-04-28T06:29:31.858Z] [INFO] 识别分类: 同
[2025-04-28T06:29:31.858Z] [INFO] 识别分类: 分
[2025-04-28T06:29:31.858Z] [INFO] 识别分类: 编
[2025-04-28T06:29:31.858Z] [INFO] 识别分类: 情
[2025-04-28T06:29:31.858Z] [INFO] 识别分类: 形
[2025-04-28T06:29:31.858Z] [INFO] 识别分类: 不定期租赁
[2025-04-28T06:29:31.858Z] [INFO] 识别分类: 合同
[2025-04-28T06:29:31.858Z] [INFO] 识别分类: 续有效，租赁期为不定期
[2025-04-28T06:29:31.859Z] [INFO] 识别分类: 装饰装修
[2025-04-28T06:29:31.859Z] [INFO] 识别分类: 融资租赁合同
[2025-04-28T06:29:31.859Z] [INFO] 识别分类: 担保租金的支付
[2025-04-28T06:29:31.859Z] [INFO] 识别分类: 包括租赁物以假乱真、违法建筑
[2025-04-28T06:29:31.859Z] [INFO] 识别分类: 不同于买卖
[2025-04-28T06:29:31.859Z] [INFO] 识别分类: 特
[2025-04-28T06:29:31.859Z] [INFO] 识别分类: 征
[2025-04-28T06:29:31.859Z] [INFO] 识别分类: 租
[2025-04-28T06:29:31.859Z] [INFO] 识别分类: 赁
[2025-04-28T06:29:31.860Z] [INFO] 识别分类: 合
[2025-04-28T06:29:31.860Z] [INFO] 识别分类: 人不承担责任
[2025-04-28T06:29:31.860Z] [INFO] 识别分类: 解
[2025-04-28T06:29:31.860Z] [INFO] 识别分类: 合
[2025-04-28T06:29:31.860Z] [INFO] 识别分类: 同
[2025-04-28T06:29:31.860Z] [INFO] 识别分类: 编
[2025-04-28T06:29:31.861Z] [INFO] 识别分类: 保理人的通知义务
[2025-04-28T06:29:31.861Z] [INFO] 识别分类: 保
[2025-04-28T06:29:31.861Z] [INFO] 识别分类: 理
[2025-04-28T06:29:31.861Z] [INFO] 识别分类: 合
[2025-04-28T06:29:31.861Z] [INFO] 识别分类: 应
[2025-04-28T06:29:31.861Z] [INFO] 识别分类: 同
[2025-04-28T06:29:31.861Z] [INFO] 识别分类: 收
[2025-04-28T06:29:31.861Z] [INFO] 识别分类: 账
[2025-04-28T06:29:31.862Z] [INFO] 识别分类: 有追索权的
[2025-04-28T06:29:31.862Z] [INFO] 识别分类: 人处收回约定债权而提供的担保
[2025-04-28T06:29:31.862Z] [INFO] 识别分类: 种
[2025-04-28T06:29:31.862Z] [INFO] 识别分类: 质
[2025-04-28T06:29:31.862Z] [INFO] 识别分类: 类
[2025-04-28T06:29:31.862Z] [INFO] 识别分类: 押
[2025-04-28T06:29:31.862Z] [INFO] 识别分类: 承揽合同
[2025-04-28T06:29:31.862Z] [INFO] 识别分类: 基本原理
[2025-04-28T06:29:31.862Z] [INFO] 识别分类: 人可以解除合同
[2025-04-28T06:29:31.862Z] [INFO] 识别分类: 人身信赖
[2025-04-28T06:29:31.863Z] [INFO] 识别分类: 关系
[2025-04-28T06:29:31.863Z] [INFO] 识别分类: 承
[2025-04-28T06:29:31.863Z] [INFO] 识别分类: 揽
[2025-04-28T06:29:31.863Z] [INFO] 识别分类: 合
[2025-04-28T06:29:31.863Z] [INFO] 识别分类: 定作人的权利和义务
[2025-04-28T06:29:31.863Z] [INFO] 识别分类: 同
[2025-04-28T06:29:31.863Z] [INFO] 识别分类: 承揽人的
[2025-04-28T06:29:31.863Z] [INFO] 识别分类: 禁止发包人支解发包
[2025-04-28T06:29:31.863Z] [INFO] 识别分类: 情
[2025-04-28T06:29:31.863Z] [INFO] 识别分类: 大
[2025-04-28T06:29:31.864Z] [INFO] 识别分类: 形
[2025-04-28T06:29:31.864Z] [INFO] 识别分类: 禁
[2025-04-28T06:29:31.864Z] [INFO] 识别分类: 止
[2025-04-28T06:29:31.864Z] [INFO] 识别分类: 行
[2025-04-28T06:29:31.864Z] [INFO] 识别分类: 基本
[2025-04-28T06:29:31.864Z] [INFO] 识别分类: 合
[2025-04-28T06:29:31.864Z] [INFO] 识别分类: 为
[2025-04-28T06:29:31.865Z] [INFO] 识别分类: 原理
[2025-04-28T06:29:31.865Z] [INFO] 识别分类: 同
[2025-04-28T06:29:31.865Z] [INFO] 识别分类: 禁止分包单位再分包
[2025-04-28T06:29:31.865Z] [INFO] 识别分类: 分
[2025-04-28T06:29:31.865Z] [INFO] 识别分类: 法律后果
[2025-04-28T06:29:31.865Z] [INFO] 识别分类: 情
[2025-04-28T06:29:31.865Z] [INFO] 识别分类: 形
[2025-04-28T06:29:31.865Z] [INFO] 识别分类: 合同无效的
[2025-04-28T06:29:31.866Z] [INFO] 识别分类: 情形和处理
[2025-04-28T06:29:31.866Z] [INFO] 识别分类: 处理
[2025-04-28T06:29:31.866Z] [INFO] 识别分类: 建
[2025-04-28T06:29:31.866Z] [INFO] 识别分类: 筑
[2025-04-28T06:29:31.866Z] [INFO] 识别分类: 工
[2025-04-28T06:29:31.866Z] [INFO] 识别分类: 程
[2025-04-28T06:29:31.866Z] [INFO] 识别分类: 合
[2025-04-28T06:29:31.866Z] [INFO] 识别分类: 垫
[2025-04-28T06:29:31.867Z] [INFO] 识别分类: 利息
[2025-04-28T06:29:31.867Z] [INFO] 识别分类: 资
[2025-04-28T06:29:31.867Z] [INFO] 识别分类: 无约视为无利息
[2025-04-28T06:29:31.867Z] [INFO] 识别分类: 资
[2025-04-28T06:29:31.867Z] [INFO] 识别分类: 和
[2025-04-28T06:29:31.867Z] [INFO] 识别分类: 诉
[2025-04-28T06:29:31.867Z] [INFO] 识别分类: 讼
[2025-04-28T06:29:31.867Z] [INFO] 识别分类: 地
[2025-04-28T06:29:31.868Z] [INFO] 识别分类: 位
[2025-04-28T06:29:31.868Z] [INFO] 识别分类: 诉讼
[2025-04-28T06:29:31.868Z] [INFO] 识别分类: 地位
[2025-04-28T06:29:31.868Z] [INFO] 识别分类: 可以
[2025-04-28T06:29:31.868Z] [INFO] 识别分类: 建筑工程价款
[2025-04-28T06:29:31.868Z] [INFO] 识别分类: 优先受偿权
[2025-04-28T06:29:31.868Z] [INFO] 识别分类: 工程质量合格
[2025-04-28T06:29:31.868Z] [INFO] 识别分类: 前提
[2025-04-28T06:29:31.868Z] [INFO] 识别分类: 行权期间
[2025-04-28T06:29:31.869Z] [INFO] 识别分类: 客运合同
[2025-04-28T06:29:31.869Z] [INFO] 识别分类: 运
[2025-04-28T06:29:31.869Z] [INFO] 识别分类: 人身关系
[2025-04-28T06:29:31.869Z] [INFO] 识别分类: 外
[2025-04-28T06:29:31.869Z] [INFO] 识别分类: 同
[2025-04-28T06:29:31.869Z] [INFO] 识别分类: 财产关系
[2025-04-28T06:29:31.869Z] [INFO] 识别分类: 货运合同
[2025-04-28T06:29:31.869Z] [INFO] 识别分类: 任意解除权
[2025-04-28T06:29:31.870Z] [INFO] 识别分类: 保
[2025-04-28T06:29:31.870Z] [INFO] 识别分类: 寄存人的权利和义务
[2025-04-28T06:29:31.870Z] [INFO] 识别分类: 管
[2025-04-28T06:29:31.870Z] [INFO] 识别分类: 合
[2025-04-28T06:29:31.870Z] [INFO] 识别分类: 保管人的权利和义务
[2025-04-28T06:29:31.870Z] [INFO] 识别分类: 合
[2025-04-28T06:29:31.870Z] [INFO] 识别分类: 保管人应当妥善、亲自保管
[2025-04-28T06:29:31.871Z] [INFO] 识别分类: 同
[2025-04-28T06:29:31.871Z] [INFO] 识别分类: 孳息归属
[2025-04-28T06:29:31.871Z] [INFO] 识别分类: 保管人应当将孳息归还寄存人
[2025-04-28T06:29:31.871Z] [INFO] 识别分类: 分
[2025-04-28T06:29:31.871Z] [INFO] 识别分类: 编
[2025-04-28T06:29:31.871Z] [INFO] 识别分类: 无存储期间的双方有任意解除权
[2025-04-28T06:29:31.871Z] [INFO] 识别分类: 对比保管合同学习不同点
[2025-04-28T06:29:31.871Z] [INFO] 识别分类: 结合代理制度考查
[2025-04-28T06:29:31.872Z] [INFO] 识别分类: 委托合同的
[2025-04-28T06:29:31.872Z] [INFO] 识别分类: 基本原理
[2025-04-28T06:29:31.872Z] [INFO] 识别分类: 共同委托
[2025-04-28T06:29:31.872Z] [INFO] 识别分类: 权利
[2025-04-28T06:29:31.872Z] [INFO] 识别分类: 委托人的权利
[2025-04-28T06:29:31.872Z] [INFO] 识别分类: 损害赔偿请求权
[2025-04-28T06:29:31.872Z] [INFO] 识别分类: 和义务
[2025-04-28T06:29:31.872Z] [INFO] 识别分类: 托
[2025-04-28T06:29:31.873Z] [INFO] 识别分类: 受托人的权利和义务
[2025-04-28T06:29:31.873Z] [INFO] 识别分类: 合
[2025-04-28T06:29:31.873Z] [INFO] 识别分类: 同
[2025-04-28T06:29:31.873Z] [INFO] 识别分类: 分类
[2025-04-28T06:29:31.873Z] [INFO] 识别分类: 间
[2025-04-28T06:29:31.873Z] [INFO] 识别分类: 接
[2025-04-28T06:29:31.873Z] [INFO] 识别分类: 代
[2025-04-28T06:29:31.873Z] [INFO] 识别分类: 理
[2025-04-28T06:29:31.874Z] [INFO] 识别分类: 第三人违约情形的处理
[2025-04-28T06:29:31.874Z] [INFO] 识别分类: 委托人违约
[2025-04-28T06:29:31.874Z] [INFO] 识别分类: 情形的处理
[2025-04-28T06:29:31.874Z] [INFO] 识别分类: 物
[2025-04-28T06:29:31.874Z] [INFO] 识别分类: 给付物业费
[2025-04-28T06:29:31.874Z] [INFO] 识别分类: 业
[2025-04-28T06:29:31.874Z] [INFO] 识别分类: 业主的
[2025-04-28T06:29:31.874Z] [INFO] 识别分类: 服
[2025-04-28T06:29:31.874Z] [INFO] 识别分类: 义务
[2025-04-28T06:29:31.874Z] [INFO] 识别分类: 务
[2025-04-28T06:29:31.875Z] [INFO] 识别分类: 告知
[2025-04-28T06:29:31.875Z] [INFO] 识别分类: 合
[2025-04-28T06:29:31.875Z] [INFO] 识别分类: 义务
[2025-04-28T06:29:31.875Z] [INFO] 识别分类: 时告知物业服务人
[2025-04-28T06:29:31.875Z] [INFO] 识别分类: 物业服务合同的解除和
[2025-04-28T06:29:31.875Z] [INFO] 识别分类: 修
[2025-04-28T06:29:31.875Z] [INFO] 识别分类: 行纪合同的基本原理
[2025-04-28T06:29:31.876Z] [INFO] 识别分类: 行
[2025-04-28T06:29:31.876Z] [INFO] 识别分类: 纪
[2025-04-28T06:29:31.876Z] [INFO] 识别分类: 行纪事务的处理
[2025-04-28T06:29:31.876Z] [INFO] 识别分类: 合
[2025-04-28T06:29:31.876Z] [INFO] 识别分类: 同
[2025-04-28T06:29:31.876Z] [INFO] 识别分类: 委托人接受了中介人的服务
[2025-04-28T06:29:31.876Z] [INFO] 识别分类: 合
[2025-04-28T06:29:31.877Z] [INFO] 识别分类: 同
[2025-04-28T06:29:31.877Z] [INFO] 识别分类: 分
[2025-04-28T06:29:31.877Z] [INFO] 识别分类: 编
[2025-04-28T06:29:31.877Z] [INFO] 识别分类: 跳单
[2025-04-28T06:29:31.877Z] [INFO] 识别分类: 委托人绕开中介人订立合同
[2025-04-28T06:29:31.877Z] [INFO] 识别分类: 中
[2025-04-28T06:29:31.877Z] [INFO] 识别分类: 介
[2025-04-28T06:29:31.878Z] [INFO] 识别分类: 同
[2025-04-28T06:29:31.878Z] [INFO] 识别分类: 中介事务的处理
[2025-04-28T06:29:31.878Z] [INFO] 识别分类: 伙
[2025-04-28T06:29:31.878Z] [INFO] 识别分类: 合
[2025-04-28T06:29:31.878Z] [INFO] 识别分类: 同
[2025-04-28T06:29:31.878Z] [INFO] 识别分类: 修
[2025-04-28T06:29:31.878Z] [INFO] 识别分类: 对外连带，对内按份
[2025-04-28T06:29:31.878Z] [INFO] 识别分类: 债务承担
[2025-04-28T06:29:31.879Z] [INFO] 识别分类: 财产转让
[2025-04-28T06:29:31.879Z] [INFO] 识别分类: 自然人独有
[2025-04-28T06:29:31.879Z] [INFO] 识别分类: 一般人格权
[2025-04-28T06:29:31.879Z] [INFO] 识别分类: 健康权
[2025-04-28T06:29:31.879Z] [INFO] 识别分类: 具
[2025-04-28T06:29:31.879Z] [INFO] 识别分类: 体
[2025-04-28T06:29:31.879Z] [INFO] 识别分类: 人
[2025-04-28T06:29:31.879Z] [INFO] 识别分类: 格
[2025-04-28T06:29:31.880Z] [INFO] 识别分类: 肖
[2025-04-28T06:29:31.880Z] [INFO] 识别分类: 权
[2025-04-28T06:29:31.880Z] [INFO] 识别分类: 像
[2025-04-28T06:29:31.880Z] [INFO] 识别分类: 权
[2025-04-28T06:29:31.880Z] [INFO] 识别分类: 神
[2025-04-28T06:29:31.880Z] [INFO] 识别分类: 人
[2025-04-28T06:29:31.881Z] [INFO] 识别分类: 性
[2025-04-28T06:29:31.881Z] [INFO] 识别分类: 人
[2025-04-28T06:29:31.881Z] [INFO] 识别分类: 格
[2025-04-28T06:29:31.881Z] [INFO] 识别分类: 权
[2025-04-28T06:29:31.881Z] [INFO] 识别分类: 侵权形态
[2025-04-28T06:29:31.881Z] [INFO] 识别分类: 英雄烈士
[2025-04-28T06:29:31.881Z] [INFO] 识别分类: 荣誉权
[2025-04-28T06:29:31.882Z] [INFO] 识别分类: 非法剥夺、抵损、贬损
[2025-04-28T06:29:31.882Z] [INFO] 识别分类: 合法原则
[2025-04-28T06:29:31.882Z] [INFO] 识别分类: 个
[2025-04-28T06:29:31.882Z] [INFO] 识别分类: 人
[2025-04-28T06:29:31.882Z] [INFO] 识别分类: 信
[2025-04-28T06:29:31.883Z] [INFO] 识别分类: 息
[2025-04-28T06:29:31.883Z] [INFO] 识别分类: 保
[2025-04-28T06:29:31.883Z] [INFO] 识别分类: 护
[2025-04-28T06:29:31.883Z] [INFO] 识别分类: 考点
[2025-04-28T06:29:31.883Z] [INFO] 识别分类: 双方自愿
[2025-04-28T06:29:31.883Z] [INFO] 识别分类: 实质要件
[2025-04-28T06:29:31.883Z] [INFO] 识别分类: 双方均无配偶，符合一夫一妻制
[2025-04-28T06:29:31.884Z] [INFO] 识别分类: 结
[2025-04-28T06:29:31.884Z] [INFO] 识别分类: 男女，起诉离婚，区别对待
[2025-04-28T06:29:31.884Z] [INFO] 识别分类: 形
[2025-04-28T06:29:31.884Z] [INFO] 识别分类: 婚
[2025-04-28T06:29:31.884Z] [INFO] 识别分类: 要
[2025-04-28T06:29:31.884Z] [INFO] 识别分类: 处理
[2025-04-28T06:29:31.884Z] [INFO] 识别分类: 件
[2025-04-28T06:29:31.884Z] [INFO] 识别分类: 无
[2025-04-28T06:29:31.885Z] [INFO] 识别分类: 效
[2025-04-28T06:29:31.885Z] [INFO] 识别分类: 婚
[2025-04-28T06:29:31.885Z] [INFO] 识别分类: 姻
[2025-04-28T06:29:31.885Z] [INFO] 识别分类: 婚
[2025-04-28T06:29:31.885Z] [INFO] 识别分类: 姻
[2025-04-28T06:29:31.885Z] [INFO] 识别分类: 诉讼程序
[2025-04-28T06:29:31.886Z] [INFO] 识别分类: 效
[2025-04-28T06:29:31.886Z] [INFO] 识别分类: 家
[2025-04-28T06:29:31.886Z] [INFO] 识别分类: 力
[2025-04-28T06:29:31.886Z] [INFO] 识别分类: 庭
[2025-04-28T06:29:31.886Z] [INFO] 识别分类: 有
[2025-04-28T06:29:31.886Z] [INFO] 识别分类: 关
[2025-04-28T06:29:31.886Z] [INFO] 识别分类: 法定
[2025-04-28T06:29:31.887Z] [INFO] 识别分类: 瑕
[2025-04-28T06:29:31.887Z] [INFO] 识别分类: 系
[2025-04-28T06:29:31.887Z] [INFO] 识别分类: 情形
[2025-04-28T06:29:31.887Z] [INFO] 识别分类: 疵
[2025-04-28T06:29:31.887Z] [INFO] 识别分类: 可
[2025-04-28T06:29:31.888Z] [INFO] 识别分类: 的
[2025-04-28T06:29:31.888Z] [INFO] 识别分类: 撤
[2025-04-28T06:29:31.888Z] [INFO] 识别分类: 婚
[2025-04-28T06:29:31.888Z] [INFO] 识别分类: 销
[2025-04-28T06:29:31.888Z] [INFO] 识别分类: 姻
[2025-04-28T06:29:31.888Z] [INFO] 识别分类: 婚
[2025-04-28T06:29:31.889Z] [INFO] 识别分类: 姻
[2025-04-28T06:29:31.889Z] [INFO] 识别分类: 夫妻之间的家事代理权
[2025-04-28T06:29:31.889Z] [INFO] 识别分类: 家
[2025-04-28T06:29:31.889Z] [INFO] 识别分类: 庭
[2025-04-28T06:29:31.889Z] [INFO] 识别分类: 关
[2025-04-28T06:29:31.889Z] [INFO] 识别分类: 系
[2025-04-28T06:29:31.889Z] [INFO] 识别分类: 一方的婚前财产
[2025-04-28T06:29:31.889Z] [INFO] 识别分类: 法定个人财产
[2025-04-28T06:29:31.890Z] [INFO] 识别分类: 法
[2025-04-28T06:29:31.890Z] [INFO] 识别分类: 定
[2025-04-28T06:29:31.890Z] [INFO] 识别分类: 夫
[2025-04-28T06:29:31.890Z] [INFO] 识别分类: 婚
[2025-04-28T06:29:31.890Z] [INFO] 识别分类: 妻
[2025-04-28T06:29:31.890Z] [INFO] 识别分类: 姻
[2025-04-28T06:29:31.890Z] [INFO] 识别分类: 财
[2025-04-28T06:29:31.891Z] [INFO] 识别分类: 产
[2025-04-28T06:29:31.891Z] [INFO] 识别分类: 系
[2025-04-28T06:29:31.891Z] [INFO] 识别分类: 投资收益
[2025-04-28T06:29:31.891Z] [INFO] 识别分类: 制
[2025-04-28T06:29:31.891Z] [INFO] 识别分类: 存
[2025-04-28T06:29:31.891Z] [INFO] 识别分类: 共
[2025-04-28T06:29:31.891Z] [INFO] 识别分类: 所
[2025-04-28T06:29:31.891Z] [INFO] 识别分类: 有
[2025-04-28T06:29:31.892Z] [INFO] 识别分类: 得
[2025-04-28T06:29:31.892Z] [INFO] 识别分类: 继承或受赠财产
[2025-04-28T06:29:31.892Z] [INFO] 识别分类: 产
[2025-04-28T06:29:31.892Z] [INFO] 识别分类: 产
[2025-04-28T06:29:31.892Z] [INFO] 识别分类: 夫
[2025-04-28T06:29:31.892Z] [INFO] 识别分类: 妻
[2025-04-28T06:29:31.892Z] [INFO] 识别分类: 财
[2025-04-28T06:29:31.892Z] [INFO] 识别分类: 夫妻一方负有举证责任
[2025-04-28T06:29:31.892Z] [INFO] 识别分类: 约定夫妻财产制
[2025-04-28T06:29:31.893Z] [INFO] 识别分类: 产
[2025-04-28T06:29:31.893Z] [INFO] 识别分类: 制
[2025-04-28T06:29:31.893Z] [INFO] 识别分类: 修
[2025-04-28T06:29:31.893Z] [INFO] 识别分类: 分
[2025-04-28T06:29:31.893Z] [INFO] 识别分类: 割
[2025-04-28T06:29:31.893Z] [INFO] 识别分类: 方不同意支付相关医疗费用
[2025-04-28T06:29:31.893Z] [INFO] 识别分类: 例外
[2025-04-28T06:29:31.893Z] [INFO] 识别分类: 婚姻关系存续期间共同
[2025-04-28T06:29:31.894Z] [INFO] 识别分类: 财产的处理和分割
[2025-04-28T06:29:31.894Z] [INFO] 识别分类: 处
[2025-04-28T06:29:31.894Z] [INFO] 识别分类: 理
[2025-04-28T06:29:31.894Z] [INFO] 识别分类: 理
[2025-04-28T06:29:31.894Z] [INFO] 识别分类: 婚
[2025-04-28T06:29:31.894Z] [INFO] 识别分类: 家
[2025-04-28T06:29:31.894Z] [INFO] 识别分类: 关
[2025-04-28T06:29:31.894Z] [INFO] 识别分类: 系
[2025-04-28T06:29:31.895Z] [INFO] 识别分类: 共同事务
[2025-04-28T06:29:31.895Z] [INFO] 识别分类: 认定
[2025-04-28T06:29:31.895Z] [INFO] 识别分类: 夫妻共有债务
[2025-04-28T06:29:31.895Z] [INFO] 识别分类: 的认定和清偿
[2025-04-28T06:29:31.895Z] [INFO] 识别分类: 离
[2025-04-28T06:29:31.895Z] [INFO] 识别分类: 婚
[2025-04-28T06:29:31.895Z] [INFO] 识别分类: 的
[2025-04-28T06:29:31.895Z] [INFO] 识别分类: 方
[2025-04-28T06:29:31.896Z] [INFO] 识别分类: 离
[2025-04-28T06:29:31.896Z] [INFO] 识别分类: 婚
[2025-04-28T06:29:31.896Z] [INFO] 识别分类: 法定情形
[2025-04-28T06:29:31.896Z] [INFO] 识别分类: 诉
[2025-04-28T06:29:31.896Z] [INFO] 识别分类: 讼
[2025-04-28T06:29:31.896Z] [INFO] 识别分类: 离
[2025-04-28T06:29:31.896Z] [INFO] 识别分类: 现役军人婚姻特殊保护
[2025-04-28T06:29:31.896Z] [INFO] 识别分类: 婚
[2025-04-28T06:29:31.897Z] [INFO] 识别分类: 特殊保护
[2025-04-28T06:29:31.897Z] [INFO] 识别分类: 女方特殊保护
[2025-04-28T06:29:31.897Z] [INFO] 识别分类: 离
[2025-04-28T06:29:31.897Z] [INFO] 识别分类: 婚
[2025-04-28T06:29:31.897Z] [INFO] 识别分类: 的
[2025-04-28T06:29:31.897Z] [INFO] 识别分类: 方
[2025-04-28T06:29:31.897Z] [INFO] 识别分类: 式
[2025-04-28T06:29:31.897Z] [INFO] 识别分类: 重婚同居暴虐遗
[2025-04-28T06:29:31.897Z] [INFO] 识别分类: 法定情形
[2025-04-28T06:29:31.898Z] [INFO] 识别分类: 诉
[2025-04-28T06:29:31.898Z] [INFO] 识别分类: 讼
[2025-04-28T06:29:31.898Z] [INFO] 识别分类: 离
[2025-04-28T06:29:31.898Z] [INFO] 识别分类: 婚
[2025-04-28T06:29:31.898Z] [INFO] 识别分类: 特殊保护
[2025-04-28T06:29:31.898Z] [INFO] 识别分类: 调解
[2025-04-28T06:29:31.898Z] [INFO] 识别分类: 权利而非义务
[2025-04-28T06:29:31.898Z] [INFO] 识别分类: 性质
[2025-04-28T06:29:31.898Z] [INFO] 识别分类: 探
[2025-04-28T06:29:31.898Z] [INFO] 识别分类: 主体
[2025-04-28T06:29:31.898Z] [INFO] 识别分类: 望
[2025-04-28T06:29:31.899Z] [INFO] 识别分类: 离婚后的
[2025-04-28T06:29:31.899Z] [INFO] 识别分类: 权
[2025-04-28T06:29:31.899Z] [INFO] 识别分类: 离
[2025-04-28T06:29:31.899Z] [INFO] 识别分类: 人身关系
[2025-04-28T06:29:31.899Z] [INFO] 识别分类: 婚
[2025-04-28T06:29:31.899Z] [INFO] 识别分类: 中止
[2025-04-28T06:29:31.899Z] [INFO] 识别分类: 未成年子女
[2025-04-28T06:29:31.899Z] [INFO] 识别分类: 申请主体
[2025-04-28T06:29:31.899Z] [INFO] 识别分类: 恢复
[2025-04-28T06:29:31.899Z] [INFO] 识别分类: 离
[2025-04-28T06:29:31.899Z] [INFO] 识别分类: 婚
[2025-04-28T06:29:31.900Z] [INFO] 识别分类: 财
[2025-04-28T06:29:31.900Z] [INFO] 识别分类: 过错财产
[2025-04-28T06:29:31.900Z] [INFO] 识别分类: 分割责任
[2025-04-28T06:29:31.900Z] [INFO] 识别分类: 关
[2025-04-28T06:29:31.900Z] [INFO] 识别分类: 系
[2025-04-28T06:29:31.900Z] [INFO] 识别分类: 附生效条件的离婚财产处理协议
[2025-04-28T06:29:31.900Z] [INFO] 识别分类: 婚
[2025-04-28T06:29:31.900Z] [INFO] 识别分类: 姻
[2025-04-28T06:29:31.900Z] [INFO] 识别分类: 家
[2025-04-28T06:29:31.901Z] [INFO] 识别分类: 庭
[2025-04-28T06:29:31.901Z] [INFO] 识别分类: 关
[2025-04-28T06:29:31.901Z] [INFO] 识别分类: 系
[2025-04-28T06:29:31.901Z] [INFO] 识别分类: 进行补偿
[2025-04-28T06:29:31.901Z] [INFO] 识别分类: 房屋的分割
[2025-04-28T06:29:31.901Z] [INFO] 识别分类: 养
[2025-04-28T06:29:31.901Z] [INFO] 识别分类: 关
[2025-04-28T06:29:31.901Z] [INFO] 识别分类: 原则
[2025-04-28T06:29:31.901Z] [INFO] 识别分类: 收
[2025-04-28T06:29:31.901Z] [INFO] 识别分类: 系
[2025-04-28T06:29:31.901Z] [INFO] 识别分类: 的
[2025-04-28T06:29:31.902Z] [INFO] 识别分类: 人
[2025-04-28T06:29:31.902Z] [INFO] 识别分类: 成
[2025-04-28T06:29:31.902Z] [INFO] 识别分类: 立
[2025-04-28T06:29:31.902Z] [INFO] 识别分类: 特
[2025-04-28T06:29:31.902Z] [INFO] 识别分类: 殊
[2025-04-28T06:29:31.902Z] [INFO] 识别分类: 收
[2025-04-28T06:29:31.902Z] [INFO] 识别分类: 养
[2025-04-28T06:29:31.902Z] [INFO] 识别分类: 关
[2025-04-28T06:29:31.903Z] [INFO] 识别分类: 收
[2025-04-28T06:29:31.903Z] [INFO] 识别分类: 系
[2025-04-28T06:29:31.903Z] [INFO] 识别分类: 养
[2025-04-28T06:29:31.903Z] [INFO] 识别分类: 关
[2025-04-28T06:29:31.903Z] [INFO] 识别分类: 系
[2025-04-28T06:29:31.903Z] [INFO] 识别分类: 的
[2025-04-28T06:29:31.903Z] [INFO] 识别分类: 解
[2025-04-28T06:29:31.904Z] [INFO] 识别分类: 民政部门办理
[2025-04-28T06:29:31.904Z] [INFO] 识别分类: 协议解除
[2025-04-28T06:29:31.904Z] [INFO] 识别分类: 除
[2025-04-28T06:29:31.904Z] [INFO] 识别分类: 法
[2025-04-28T06:29:31.904Z] [INFO] 识别分类: 律
[2025-04-28T06:29:31.904Z] [INFO] 识别分类: 效
[2025-04-28T06:29:31.904Z] [INFO] 识别分类: 力
[2025-04-28T06:29:31.905Z] [INFO] 识别分类: 母虐待、遗弃养子女的除外
[2025-04-28T06:29:31.905Z] [INFO] 识别分类: 亡
[2025-04-28T06:29:31.905Z] [INFO] 识别分类: 时
[2025-04-28T06:29:31.905Z] [INFO] 识别分类: 间
[2025-04-28T06:29:31.905Z] [INFO] 识别分类: 继承的基本原理
[2025-04-28T06:29:31.905Z] [INFO] 识别分类: 含义
[2025-04-28T06:29:31.905Z] [INFO] 识别分类: 继
[2025-04-28T06:29:31.905Z] [INFO] 识别分类: 方式
[2025-04-28T06:29:31.906Z] [INFO] 识别分类: 承
[2025-04-28T06:29:31.906Z] [INFO] 识别分类: 权
[2025-04-28T06:29:31.906Z] [INFO] 识别分类: 遗产分割后放弃的是所有权
[2025-04-28T06:29:31.906Z] [INFO] 识别分类: 的
[2025-04-28T06:29:31.906Z] [INFO] 识别分类: 放
[2025-04-28T06:29:31.906Z] [INFO] 识别分类: 时间
[2025-04-28T06:29:31.906Z] [INFO] 识别分类: 遗产处理后，不得反悔
[2025-04-28T06:29:31.907Z] [INFO] 识别分类: 继
[2025-04-28T06:29:31.907Z] [INFO] 识别分类: 承
[2025-04-28T06:29:31.907Z] [INFO] 识别分类: 权
[2025-04-28T06:29:31.907Z] [INFO] 识别分类: 继
[2025-04-28T06:29:31.907Z] [INFO] 识别分类: 继
[2025-04-28T06:29:31.907Z] [INFO] 识别分类: 承
[2025-04-28T06:29:31.907Z] [INFO] 识别分类: 承
[2025-04-28T06:29:31.907Z] [INFO] 识别分类: 杀害绝对丧失
[2025-04-28T06:29:31.908Z] [INFO] 识别分类: 关
[2025-04-28T06:29:31.908Z] [INFO] 识别分类: 系
[2025-04-28T06:29:31.908Z] [INFO] 识别分类: 失
[2025-04-28T06:29:31.908Z] [INFO] 识别分类: 形
[2025-04-28T06:29:31.908Z] [INFO] 识别分类: 继承人有悔改，被继承人表示
[2025-04-28T06:29:31.908Z] [INFO] 识别分类: 宽恕或事后在遗嘱中将其列为
[2025-04-28T06:29:31.908Z] [INFO] 识别分类: 继承人，则不丧失继承权
[2025-04-28T06:29:31.909Z] [INFO] 识别分类: 顺
[2025-04-28T06:29:31.909Z] [INFO] 识别分类: 定
[2025-04-28T06:29:31.909Z] [INFO] 识别分类: 第一顺序拟制继承人
[2025-04-28T06:29:31.909Z] [INFO] 识别分类: 孙子女和外孙子女的代位继承
[2025-04-28T06:29:31.909Z] [INFO] 识别分类: 继
[2025-04-28T06:29:31.909Z] [INFO] 识别分类: 承
[2025-04-28T06:29:31.909Z] [INFO] 识别分类: 承
[2025-04-28T06:29:31.909Z] [INFO] 识别分类: 兄弟姐妹、祖父母、外祖父母
[2025-04-28T06:29:31.909Z] [INFO] 识别分类: 第二顺序
[2025-04-28T06:29:31.910Z] [INFO] 识别分类: 方
[2025-04-28T06:29:31.910Z] [INFO] 识别分类: 式
[2025-04-28T06:29:31.910Z] [INFO] 识别分类: 原则
[2025-04-28T06:29:31.910Z] [INFO] 识别分类: 例
[2025-04-28T06:29:31.910Z] [INFO] 识别分类: 遗
[2025-04-28T06:29:31.910Z] [INFO] 识别分类: 产
[2025-04-28T06:29:31.910Z] [INFO] 识别分类: 分
[2025-04-28T06:29:31.910Z] [INFO] 识别分类: 尽
[2025-04-28T06:29:31.910Z] [INFO] 识别分类: 配
[2025-04-28T06:29:31.911Z] [INFO] 识别分类: 义
[2025-04-28T06:29:31.911Z] [INFO] 识别分类: 例
[2025-04-28T06:29:31.911Z] [INFO] 识别分类: 务
[2025-04-28T06:29:31.911Z] [INFO] 识别分类: 外
[2025-04-28T06:29:31.911Z] [INFO] 识别分类: 可
[2025-04-28T06:29:31.911Z] [INFO] 识别分类: 丨
[2025-04-28T06:29:31.911Z] [INFO] 识别分类: 多
[2025-04-28T06:29:31.911Z] [INFO] 识别分类: 不
[2025-04-28T06:29:31.911Z] [INFO] 识别分类: 义
[2025-04-28T06:29:31.911Z] [INFO] 识别分类: 可分得生父母的适当遗产
[2025-04-28T06:29:31.912Z] [INFO] 识别分类: 务
[2025-04-28T06:29:31.912Z] [INFO] 识别分类: 应
[2025-04-28T06:29:31.912Z] [INFO] 识别分类: 少
[2025-04-28T06:29:31.912Z] [INFO] 识别分类: 分
[2025-04-28T06:29:31.912Z] [INFO] 识别分类: 公证遗嘱不再效力最优
[2025-04-28T06:29:31.912Z] [INFO] 识别分类: 公证遗嘱
[2025-04-28T06:29:31.912Z] [INFO] 识别分类: 录音录像遗嘱
[2025-04-28T06:29:31.912Z] [INFO] 识别分类: 形
[2025-04-28T06:29:31.913Z] [INFO] 识别分类: 式
[2025-04-28T06:29:31.913Z] [INFO] 识别分类: 口头遗嘱
[2025-04-28T06:29:31.913Z] [INFO] 识别分类: 立遗嘱的，所立口头遗嘱无效
[2025-04-28T06:29:31.913Z] [INFO] 识别分类: 代书遗嘱
[2025-04-28T06:29:31.913Z] [INFO] 识别分类: 嘱
[2025-04-28T06:29:31.913Z] [INFO] 识别分类: 继
[2025-04-28T06:29:31.913Z] [INFO] 识别分类: 遗嘱人可以撤回、变更遗嘱
[2025-04-28T06:29:31.913Z] [INFO] 识别分类: 承
[2025-04-28T06:29:31.914Z] [INFO] 识别分类: 基本
[2025-04-28T06:29:31.914Z] [INFO] 识别分类: 规定
[2025-04-28T06:29:31.914Z] [INFO] 识别分类: 回
[2025-04-28T06:29:31.914Z] [INFO] 识别分类: 效
[2025-04-28T06:29:31.914Z] [INFO] 识别分类: 无
[2025-04-28T06:29:31.914Z] [INFO] 识别分类: 效
[2025-04-28T06:29:31.914Z] [INFO] 识别分类: 嘱
[2025-04-28T06:29:31.914Z] [INFO] 识别分类: 未成年子女，以死的时候为准
[2025-04-28T06:29:31.914Z] [INFO] 识别分类: 继
[2025-04-28T06:29:31.914Z] [INFO] 识别分类: 承
[2025-04-28T06:29:31.915Z] [INFO] 识别分类: 方
[2025-04-28T06:29:31.915Z] [INFO] 识别分类: 式
[2025-04-28T06:29:31.915Z] [INFO] 识别分类: 附义务遗嘱
[2025-04-28T06:29:31.915Z] [INFO] 识别分类: 继
[2025-04-28T06:29:31.915Z] [INFO] 识别分类: 承
[2025-04-28T06:29:31.915Z] [INFO] 识别分类: 关
[2025-04-28T06:29:31.915Z] [INFO] 识别分类: 系
[2025-04-28T06:29:31.915Z] [INFO] 识别分类: 代
[2025-04-28T06:29:31.916Z] [INFO] 识别分类: 代
[2025-04-28T06:29:31.916Z] [INFO] 识别分类: 位
[2025-04-28T06:29:31.916Z] [INFO] 识别分类: 位
[2025-04-28T06:29:31.916Z] [INFO] 识别分类: 继
[2025-04-28T06:29:31.916Z] [INFO] 识别分类: 继
[2025-04-28T06:29:31.916Z] [INFO] 识别分类: 承
[2025-04-28T06:29:31.916Z] [INFO] 识别分类: 承
[2025-04-28T06:29:31.916Z] [INFO] 识别分类: 和
[2025-04-28T06:29:31.916Z] [INFO] 识别分类: 转
[2025-04-28T06:29:31.916Z] [INFO] 识别分类: 继
[2025-04-28T06:29:31.916Z] [INFO] 识别分类: 含义
[2025-04-28T06:29:31.917Z] [INFO] 识别分类: 承
[2025-04-28T06:29:31.917Z] [INFO] 识别分类: 转继承
[2025-04-28T06:29:31.917Z] [INFO] 识别分类: 含义
[2025-04-28T06:29:31.917Z] [INFO] 识别分类: 遗产的处理
[2025-04-28T06:29:31.917Z] [INFO] 识别分类: 遗产管理人
[2025-04-28T06:29:31.917Z] [INFO] 识别分类: 遗
[2025-04-28T06:29:31.917Z] [INFO] 识别分类: 产
[2025-04-28T06:29:31.917Z] [INFO] 识别分类: 的
[2025-04-28T06:29:31.918Z] [INFO] 识别分类: 遗产确定
[2025-04-28T06:29:31.918Z] [INFO] 识别分类: 处
[2025-04-28T06:29:31.918Z] [INFO] 识别分类: 理
[2025-04-28T06:29:31.918Z] [INFO] 识别分类: 理
[2025-04-28T06:29:31.918Z] [INFO] 识别分类: 胎儿应留份
[2025-04-28T06:29:31.918Z] [INFO] 识别分类: 单方民事法律行为
[2025-04-28T06:29:31.918Z] [INFO] 识别分类: 性质
[2025-04-28T06:29:31.918Z] [INFO] 识别分类: 遗
[2025-04-28T06:29:31.918Z] [INFO] 识别分类: 对象
[2025-04-28T06:29:31.919Z] [INFO] 识别分类: 赠
[2025-04-28T06:29:31.919Z] [INFO] 识别分类: 遗嘱和遗赠
[2025-04-28T06:29:31.919Z] [INFO] 识别分类: 沉默后果
[2025-04-28T06:29:31.919Z] [INFO] 识别分类: 的异同
[2025-04-28T06:29:31.919Z] [INFO] 识别分类: 遗
[2025-04-28T06:29:31.919Z] [INFO] 识别分类: 沉默
[2025-04-28T06:29:31.919Z] [INFO] 识别分类: 和
[2025-04-28T06:29:31.919Z] [INFO] 识别分类: 性质
[2025-04-28T06:29:31.920Z] [INFO] 识别分类: 继
[2025-04-28T06:29:31.920Z] [INFO] 识别分类: 赠
[2025-04-28T06:29:31.920Z] [INFO] 识别分类: 赠
[2025-04-28T06:29:31.920Z] [INFO] 识别分类: 遗赠人必须是自然人
[2025-04-28T06:29:31.920Z] [INFO] 识别分类: 承
[2025-04-28T06:29:31.920Z] [INFO] 识别分类: 扶
[2025-04-28T06:29:31.920Z] [INFO] 识别分类: 扶
[2025-04-28T06:29:31.920Z] [INFO] 识别分类: 关
[2025-04-28T06:29:31.921Z] [INFO] 识别分类: 养
[2025-04-28T06:29:31.921Z] [INFO] 识别分类: 养
[2025-04-28T06:29:31.921Z] [INFO] 识别分类: 主体
[2025-04-28T06:29:31.921Z] [INFO] 识别分类: 系
[2025-04-28T06:29:31.921Z] [INFO] 识别分类: 协
[2025-04-28T06:29:31.921Z] [INFO] 识别分类: 协
[2025-04-28T06:29:31.921Z] [INFO] 识别分类: 议
[2025-04-28T06:29:31.921Z] [INFO] 识别分类: 议
[2025-04-28T06:29:31.922Z] [INFO] 识别分类: 扶养人可以是自然人或组织
[2025-04-28T06:29:31.922Z] [INFO] 识别分类: 除
[2025-04-28T06:29:31.922Z] [INFO] 识别分类: 限定继承
[2025-04-28T06:29:31.922Z] [INFO] 识别分类: 遗产已分割尚未清偿债务的处理
[2025-04-28T06:29:31.922Z] [INFO] 识别分类: 过错责任
[2025-04-28T06:29:31.922Z] [INFO] 识别分类: 原则
[2025-04-28T06:29:31.922Z] [INFO] 识别分类: 归
[2025-04-28T06:29:31.923Z] [INFO] 识别分类: 责
[2025-04-28T06:29:31.923Z] [INFO] 识别分类: 原
[2025-04-28T06:29:31.923Z] [INFO] 识别分类: 适用条件
[2025-04-28T06:29:31.923Z] [INFO] 识别分类: 行为和结果存在一定的因果关系
[2025-04-28T06:29:31.925Z] [INFO] 识别分类: 公平补偿规则
[2025-04-28T06:29:31.925Z] [INFO] 识别分类: 见义勇为的情形
[2025-04-28T06:29:31.925Z] [INFO] 识别分类: 教唆、帮助侵权
[2025-04-28T06:29:31.925Z] [INFO] 识别分类: 共
[2025-04-28T06:29:31.925Z] [INFO] 识别分类: 同
[2025-04-28T06:29:31.925Z] [INFO] 识别分类: 侵
[2025-04-28T06:29:31.926Z] [INFO] 识别分类: 共同危险行为
[2025-04-28T06:29:31.926Z] [INFO] 识别分类: 权
[2025-04-28T06:29:31.926Z] [INFO] 识别分类: 侵
[2025-04-28T06:29:31.926Z] [INFO] 识别分类: 权
[2025-04-28T06:29:31.926Z] [INFO] 识别分类: 连带责任
[2025-04-28T06:29:31.926Z] [INFO] 识别分类: 责
[2025-04-28T06:29:31.926Z] [INFO] 识别分类: 无意思联络的数人侵权行为
[2025-04-28T06:29:31.927Z] [INFO] 识别分类: 任
[2025-04-28T06:29:31.927Z] [INFO] 识别分类: 的
[2025-04-28T06:29:31.927Z] [INFO] 识别分类: 基
[2025-04-28T06:29:31.927Z] [INFO] 识别分类: 本
[2025-04-28T06:29:31.927Z] [INFO] 识别分类: 原
[2025-04-28T06:29:31.927Z] [INFO] 识别分类: 理
[2025-04-28T06:29:31.928Z] [INFO] 识别分类: 紧急避险
[2025-04-28T06:29:31.928Z] [INFO] 识别分类: 免
[2025-04-28T06:29:31.928Z] [INFO] 识别分类: 避险过当，承担适当民事责任
[2025-04-28T06:29:31.928Z] [INFO] 识别分类: 责
[2025-04-28T06:29:31.928Z] [INFO] 识别分类: 事
[2025-04-28T06:29:31.928Z] [INFO] 识别分类: 侵
[2025-04-28T06:29:31.928Z] [INFO] 识别分类: 由
[2025-04-28T06:29:31.928Z] [INFO] 识别分类: 权
[2025-04-28T06:29:31.929Z] [INFO] 识别分类: 自甘风险
[2025-04-28T06:29:31.929Z] [INFO] 识别分类: 责
[2025-04-28T06:29:31.929Z] [INFO] 识别分类: 任
[2025-04-28T06:29:31.929Z] [INFO] 识别分类: 编
[2025-04-28T06:29:31.929Z] [INFO] 识别分类: 内
[2025-04-28T06:29:31.929Z] [INFO] 识别分类: 因误工减少的收入
[2025-04-28T06:29:31.929Z] [INFO] 识别分类: 容
[2025-04-28T06:29:31.930Z] [INFO] 识别分类: 人身损害赔偿
[2025-04-28T06:29:31.930Z] [INFO] 识别分类: 损害赔偿
[2025-04-28T06:29:31.930Z] [INFO] 识别分类: 性质
[2025-04-28T06:29:31.930Z] [INFO] 识别分类: 自然人
[2025-04-28T06:29:31.930Z] [INFO] 识别分类: 主体
[2025-04-28T06:29:31.930Z] [INFO] 识别分类: 依据
[2025-04-28T06:29:31.930Z] [INFO] 识别分类: 人格权益受到侵害
[2025-04-28T06:29:31.931Z] [INFO] 识别分类: 适用范围
[2025-04-28T06:29:31.931Z] [INFO] 识别分类: 人身权益收到损害
[2025-04-28T06:29:31.931Z] [INFO] 识别分类: 身份权益受到侵害
[2025-04-28T06:29:31.931Z] [INFO] 识别分类: 配偶权受到
[2025-04-28T06:29:31.931Z] [INFO] 识别分类: 精
[2025-04-28T06:29:31.932Z] [INFO] 识别分类: 损害
[2025-04-28T06:29:31.932Z] [INFO] 识别分类: 神
[2025-04-28T06:29:31.932Z] [INFO] 识别分类: 损
[2025-04-28T06:29:31.932Z] [INFO] 识别分类: 亲子权收到损害
[2025-04-28T06:29:31.932Z] [INFO] 识别分类: 身份权益
[2025-04-28T06:29:31.932Z] [INFO] 识别分类: 害
[2025-04-28T06:29:31.932Z] [INFO] 识别分类: 受到侵害
[2025-04-28T06:29:31.933Z] [INFO] 识别分类: 赔
[2025-04-28T06:29:31.933Z] [INFO] 识别分类: 偿
[2025-04-28T06:29:31.933Z] [INFO] 识别分类: 依据
[2025-04-28T06:29:31.933Z] [INFO] 识别分类: 例外
[2025-04-28T06:29:31.933Z] [INFO] 识别分类: 赔偿
[2025-04-28T06:29:31.933Z] [INFO] 识别分类: 损
[2025-04-28T06:29:31.933Z] [INFO] 识别分类: 原则上自己
[2025-04-28T06:29:31.934Z] [INFO] 识别分类: 赔
[2025-04-28T06:29:31.934Z] [INFO] 识别分类: 偿
[2025-04-28T06:29:31.934Z] [INFO] 识别分类: 侵
[2025-04-28T06:29:31.934Z] [INFO] 识别分类: 转化方式
[2025-04-28T06:29:31.934Z] [INFO] 识别分类: 已承诺
[2025-04-28T06:29:31.934Z] [INFO] 识别分类: 权
[2025-04-28T06:29:31.935Z] [INFO] 识别分类: 责
[2025-04-28T06:29:31.935Z] [INFO] 识别分类: 任
[2025-04-28T06:29:31.935Z] [INFO] 识别分类: 编
[2025-04-28T06:29:31.935Z] [INFO] 识别分类: 偿费用，不足部分，监护人赔偿
[2025-04-28T06:29:31.935Z] [INFO] 识别分类: 责任主体
[2025-04-28T06:29:31.935Z] [INFO] 识别分类: 监
[2025-04-28T06:29:31.935Z] [INFO] 识别分类: 归责原则
[2025-04-28T06:29:31.936Z] [INFO] 识别分类: 七
[2025-04-28T06:29:31.936Z] [INFO] 识别分类: 人
[2025-04-28T06:29:31.936Z] [INFO] 识别分类: 类
[2025-04-28T06:29:31.936Z] [INFO] 识别分类: 责
[2025-04-28T06:29:31.936Z] [INFO] 识别分类: 特
[2025-04-28T06:29:31.936Z] [INFO] 识别分类: 免责事由
[2025-04-28T06:29:31.936Z] [INFO] 识别分类: 任
[2025-04-28T06:29:31.936Z] [INFO] 识别分类: 殊
[2025-04-28T06:29:31.937Z] [INFO] 识别分类: 主
[2025-04-28T06:29:31.937Z] [INFO] 识别分类: 体
[2025-04-28T06:29:31.937Z] [INFO] 识别分类: 父母离婚
[2025-04-28T06:29:31.937Z] [INFO] 识别分类: 特殊情形
[2025-04-28T06:29:31.937Z] [INFO] 识别分类: 任
[2025-04-28T06:29:31.937Z] [INFO] 识别分类: 处理
[2025-04-28T06:29:31.937Z] [INFO] 识别分类: 但诉讼时满
[2025-04-28T06:29:31.937Z] [INFO] 识别分类: 无经济能力的，监护人承担
[2025-04-28T06:29:31.938Z] [INFO] 识别分类: 劳动关系，受劳动法调整
[2025-04-28T06:29:31.938Z] [INFO] 识别分类: 性质
[2025-04-28T06:29:31.938Z] [INFO] 识别分类: 用工单位对外承担责任
[2025-04-28T06:29:31.938Z] [INFO] 识别分类: 内
[2025-04-28T06:29:31.938Z] [INFO] 识别分类: 外
[2025-04-28T06:29:31.938Z] [INFO] 识别分类: 职务行为
[2025-04-28T06:29:31.938Z] [INFO] 识别分类: 有
[2025-04-28T06:29:31.938Z] [INFO] 识别分类: 别
[2025-04-28T06:29:31.938Z] [INFO] 识别分类: 单
[2025-04-28T06:29:31.938Z] [INFO] 识别分类: 外
[2025-04-28T06:29:31.939Z] [INFO] 识别分类: 位
[2025-04-28T06:29:31.939Z] [INFO] 识别分类: 工作员工自行承担，如犯罪行为
[2025-04-28T06:29:31.939Z] [INFO] 识别分类: 非职务关系
[2025-04-28T06:29:31.939Z] [INFO] 识别分类: 部
[2025-04-28T06:29:31.939Z] [INFO] 识别分类: 用
[2025-04-28T06:29:31.939Z] [INFO] 识别分类: 关
[2025-04-28T06:29:31.939Z] [INFO] 识别分类: 工
[2025-04-28T06:29:31.939Z] [INFO] 识别分类: 系
[2025-04-28T06:29:31.939Z] [INFO] 识别分类: 实际用工单位
[2025-04-28T06:29:31.939Z] [INFO] 识别分类: 无过错责任
[2025-04-28T06:29:31.939Z] [INFO] 识别分类: 劳务派遣
[2025-04-28T06:29:31.940Z] [INFO] 识别分类: 用
[2025-04-28T06:29:31.940Z] [INFO] 识别分类: 工
[2025-04-28T06:29:31.940Z] [INFO] 识别分类: 责
[2025-04-28T06:29:31.940Z] [INFO] 识别分类: 双重赔偿
[2025-04-28T06:29:31.940Z] [INFO] 识别分类: 任
[2025-04-28T06:29:31.940Z] [INFO] 识别分类: 归责原则
[2025-04-28T06:29:31.940Z] [INFO] 识别分类: 劳务关系
[2025-04-28T06:29:31.941Z] [INFO] 识别分类: 性质
[2025-04-28T06:29:31.941Z] [INFO] 识别分类: 个
[2025-04-28T06:29:31.941Z] [INFO] 识别分类: 人
[2025-04-28T06:29:31.941Z] [INFO] 识别分类: 用
[2025-04-28T06:29:31.941Z] [INFO] 识别分类: 外部关系
[2025-04-28T06:29:31.941Z] [INFO] 识别分类: 工
[2025-04-28T06:29:31.941Z] [INFO] 识别分类: 不真正连带责任
[2025-04-28T06:29:31.942Z] [INFO] 识别分类: 过错责任原则
[2025-04-28T06:29:31.942Z] [INFO] 识别分类: 内部关系
[2025-04-28T06:29:31.942Z] [INFO] 识别分类: 责任
[2025-04-28T06:29:31.942Z] [INFO] 识别分类: 权
[2025-04-28T06:29:31.942Z] [INFO] 识别分类: 主体
[2025-04-28T06:29:31.942Z] [INFO] 识别分类: 责
[2025-04-28T06:29:31.942Z] [INFO] 识别分类: 任
[2025-04-28T06:29:31.943Z] [INFO] 识别分类: 责任
[2025-04-28T06:29:31.943Z] [INFO] 识别分类: 编
[2025-04-28T06:29:31.943Z] [INFO] 识别分类: 七
[2025-04-28T06:29:31.943Z] [INFO] 识别分类: 外部关系
[2025-04-28T06:29:31.943Z] [INFO] 识别分类: 帮工责任
[2025-04-28T06:29:31.943Z] [INFO] 识别分类: 特
[2025-04-28T06:29:31.943Z] [INFO] 识别分类: 殊
[2025-04-28T06:29:31.944Z] [INFO] 识别分类: 主
[2025-04-28T06:29:31.944Z] [INFO] 识别分类: 体
[2025-04-28T06:29:31.944Z] [INFO] 识别分类: 责
[2025-04-28T06:29:31.944Z] [INFO] 识别分类: 任
[2025-04-28T06:29:31.944Z] [INFO] 识别分类: 定作人责任
[2025-04-28T06:29:31.944Z] [INFO] 识别分类: 归责原则过错责任
[2025-04-28T06:29:31.944Z] [INFO] 识别分类: 网络服务提供
[2025-04-28T06:29:31.944Z] [INFO] 识别分类: 者责任
[2025-04-28T06:29:31.945Z] [INFO] 识别分类: 通知规则
[2025-04-28T06:29:31.945Z] [INFO] 识别分类: 共同侵权
[2025-04-28T06:29:31.945Z] [INFO] 识别分类: 知道规则
[2025-04-28T06:29:31.945Z] [INFO] 识别分类: 错，就要相应担责
[2025-04-28T06:29:31.945Z] [INFO] 识别分类: 安保义务人责任
[2025-04-28T06:29:31.945Z] [INFO] 识别分类: 产品责任
[2025-04-28T06:29:31.945Z] [INFO] 识别分类: 惩罚性赔偿
[2025-04-28T06:29:31.946Z] [INFO] 识别分类: 和惩罚性赔偿
[2025-04-28T06:29:31.946Z] [INFO] 识别分类: 归责原则
[2025-04-28T06:29:31.946Z] [INFO] 识别分类: 基本原理
[2025-04-28T06:29:31.946Z] [INFO] 识别分类: 租借机动车
[2025-04-28T06:29:31.946Z] [INFO] 识别分类: 事故责任
[2025-04-28T06:29:31.946Z] [INFO] 识别分类: 约定免责事由无效
[2025-04-28T06:29:31.946Z] [INFO] 识别分类: 搭
[2025-04-28T06:29:31.946Z] [INFO] 识别分类: 便
[2025-04-28T06:29:31.947Z] [INFO] 识别分类: 故意或重大过失，全部赔偿
[2025-04-28T06:29:31.947Z] [INFO] 识别分类: 车
[2025-04-28T06:29:31.947Z] [INFO] 识别分类: 挂靠责任
[2025-04-28T06:29:31.947Z] [INFO] 识别分类: 医
[2025-04-28T06:29:31.947Z] [INFO] 识别分类: 损
[2025-04-28T06:29:31.947Z] [INFO] 识别分类: 赔
[2025-04-28T06:29:31.947Z] [INFO] 识别分类: 七
[2025-04-28T06:29:31.948Z] [INFO] 识别分类: 类
[2025-04-28T06:29:31.948Z] [INFO] 识别分类: 典
[2025-04-28T06:29:31.948Z] [INFO] 识别分类: 型
[2025-04-28T06:29:31.948Z] [INFO] 识别分类: 侵
[2025-04-28T06:29:31.948Z] [INFO] 识别分类: 权
[2025-04-28T06:29:31.948Z] [INFO] 识别分类: 归责原则
[2025-04-28T06:29:31.948Z] [INFO] 识别分类: 责
[2025-04-28T06:29:31.948Z] [INFO] 识别分类: 责
[2025-04-28T06:29:31.948Z] [INFO] 识别分类: 任
[2025-04-28T06:29:31.949Z] [INFO] 识别分类: 任
[2025-04-28T06:29:31.949Z] [INFO] 识别分类: 编
[2025-04-28T06:29:31.949Z] [INFO] 识别分类: 惩罚性赔偿
[2025-04-28T06:29:31.949Z] [INFO] 识别分类: 无过错责任原则
[2025-04-28T06:29:31.949Z] [INFO] 识别分类: 免责事由
[2025-04-28T06:29:31.949Z] [INFO] 识别分类: 一般动物
[2025-04-28T06:29:31.949Z] [INFO] 识别分类: 养
[2025-04-28T06:29:31.949Z] [INFO] 识别分类: 动
[2025-04-28T06:29:31.950Z] [INFO] 识别分类: 物
[2025-04-28T06:29:31.950Z] [INFO] 识别分类: 损
[2025-04-28T06:29:31.950Z] [INFO] 识别分类: 害
[2025-04-28T06:29:31.950Z] [INFO] 识别分类: 违禁饲养动物
[2025-04-28T06:29:31.950Z] [INFO] 识别分类: 责
[2025-04-28T06:29:31.950Z] [INFO] 识别分类: 动物园的动物
[2025-04-28T06:29:31.951Z] [INFO] 识别分类: 建筑物和物
[2025-04-28T06:29:31.951Z] [INFO] 识别分类: 件损害责任
[2025-04-28T06:29:31.951Z] [INFO] 识别分类: 地面施工侵权
[2025-04-28T06:29:31.951Z] [STATS] [STATS] 识别结果: 思维导图标题=1, 分类=2164, 概念=16, 特征=147, 关键词=0, 项目点=12, 一级标题=0, 二级标题=0, 三级标题=0, 四级标题=0, 条文=0, 内容=1483, 未匹配=0
[2025-04-28T06:29:31.956Z] [INFO] 已保存知识树结构至: data/pdfs/1745821419752-03、2025民法客观题思维导图_共45页-tree.json
[2025-04-28T06:29:31.957Z] [COMPLETE] [COMPLETE] PDF处理完成: data/pdfs/1745821419752-03、2025民法客观题思维导图_共45页.pdf
